============================= test session starts =============================
platform win32 -- Python 3.11.9, pytest-9.0.2, pluggy-1.6.0
rootdir: C:\Projects\sico_grc\sanadcom
configfile: pytest.ini (WARNING: ignoring pytest config in pyproject.toml!)
plugins: anyio-4.12.1, langsmith-0.7.14, asyncio-1.3.0, cov-7.0.0
asyncio: mode=Mode.STRICT, debug=False, asyncio_default_fixture_loop_scope=None, asyncio_default_test_loop_scope=function
collected 339 items

tests\ai\test_rag.py ...............s                                    [  4%]
tests\backend\test_ai.py ....                                            [  5%]
tests\backend\test_api_backend.py ..                                     [  6%]
tests\backend\test_auth_router.py .....................                  [ 12%]
tests\backend\test_backup.py .......                                     [ 14%]
tests\backend\test_controls_crud.py .........                            [ 17%]
tests\backend\test_core_auth.py ............                             [ 20%]
tests\backend\test_crud_utils.py ..........                              [ 23%]
tests\backend\test_database_config.py ............                       [ 27%]
tests\backend\test_evidence.py ...                                       [ 28%]
tests\backend\test_evidence_crud.py .....F......                         [ 31%]
tests\backend\test_evidence_hash.py ...                                  [ 32%]
tests\backend\test_incident_router.py ......                             [ 34%]
tests\backend\test_main_endpoints.py .....                               [ 35%]
tests\backend\test_models.py ..........                                  [ 38%]
tests\backend\test_monitoring.py .......                                 [ 41%]
tests\backend\test_new_features.py .............                         [ 44%]
tests\backend\test_reporting.py ...                                      [ 45%]
tests\backend\test_reporting_endpoints.py ....                           [ 46%]
tests\backend\test_risk_logic.py ...........                             [ 50%]
tests\backend\test_risk_router.py .........                              [ 52%]
tests\backend\test_schemas.py ......................                     [ 59%]
tests\security\test_ai_security.py .................................     [ 69%]
tests\security\test_auth_security.py ...........                         [ 72%]
tests\security\test_encryption.py ..........                             [ 75%]
tests\security\test_input_validation.py ................................ [ 84%]
                                                                         [ 84%]
tests\security\test_jwt_auth.py .................                        [ 89%]
tests\security\test_secrets.py .....ssssss........s                      [ 95%]
tests\test_api.py ...ss.....                                             [ 98%]
tests\test_performance.py .....                                          [100%]

================================== FAILURES ===================================
E   assert 409 == 400
     +  where 409 = <Response [409 Conflict]>.status_code
C:\Projects\sico_grc\sanadcom\tests\backend\test_evidence_crud.py:202: assert 409 == 400
============================== warnings summary ===============================
ai\rag\bilingual_retriever.py:21
  C:\Projects\sico_grc\sanadcom\ai\rag\bilingual_retriever.py:21: LangChainDeprecationWarning: Importing HuggingFaceEmbeddings from langchain.embeddings is deprecated. Please replace deprecated imports:
  
  >> from langchain.embeddings import HuggingFaceEmbeddings
  
  with new imports of:
  
  >> from langchain_community.embeddings import HuggingFaceEmbeddings
  You can use the langchain cli to **automatically** upgrade many imports. Please see documentation here <https://python.langchain.com/docs/versions/v0_2/>
    from langchain.embeddings import HuggingFaceEmbeddings  # type: ignore[import-not-found]

ai\rag\bilingual_retriever.py:22
  C:\Projects\sico_grc\sanadcom\ai\rag\bilingual_retriever.py:22: LangChainDeprecationWarning: Importing Chroma from langchain.vectorstores is deprecated. Please replace deprecated imports:
  
  >> from langchain.vectorstores import Chroma
  
  with new imports of:
  
  >> from langchain_community.vectorstores import Chroma
  You can use the langchain cli to **automatically** upgrade many imports. Please see documentation here <https://python.langchain.com/docs/versions/v0_2/>
    from langchain.vectorstores import Chroma  # type: ignore[import-not-found]

.venv\Lib\site-packages\pydantic\_internal\_config.py:295: 38 warnings
  C:\Projects\sico_grc\sanadcom\.venv\Lib\site-packages\pydantic\_internal\_config.py:295: PydanticDeprecatedSince20: Support for class-based `config` is deprecated, use ConfigDict instead. Deprecated in Pydantic V2.0 to be removed in V3.0. See Pydantic V2 Migration Guide at https://errors.pydantic.dev/2.10/migration/
    warnings.warn(DEPRECATION_MESSAGE, DeprecationWarning)

tests/backend/test_ai.py::test_rag_query_english
  C:\Projects\sico_grc\sanadcom\ai\rag\bilingual_retriever.py:81: LangChainDeprecationWarning: The class `HuggingFaceEmbeddings` was deprecated in LangChain 0.2.2 and will be removed in 1.0. An updated version of the class exists in the :class:`~langchain-huggingface package and should be used instead. To use it run `pip install -U :class:`~langchain-huggingface` and import as `from :class:`~langchain_huggingface import HuggingFaceEmbeddings``.
    self.embeddings = HuggingFaceEmbeddings(

tests/backend/test_ai.py::test_rag_query_english
  C:\Projects\sico_grc\sanadcom\ai\rag\bilingual_retriever.py:87: LangChainDeprecationWarning: The class `Chroma` was deprecated in LangChain 0.2.9 and will be removed in 1.0. An updated version of the class exists in the :class:`~langchain-chroma package and should be used instead. To use it run `pip install -U :class:`~langchain-chroma` and import as `from :class:`~langchain_chroma import Chroma``.
    self.vectorstore = Chroma(

tests/security/test_input_validation.py::test_validate_json_size_too_large
  C:\Projects\sico_grc\sanadcom\tests\security\test_input_validation.py:250: DeprecationWarning: 'HTTP_413_REQUEST_ENTITY_TOO_LARGE' is deprecated. Use 'HTTP_413_CONTENT_TOO_LARGE' instead.
    validate_json_size(big_data, max_size_kb=500)

-- Docs: https://docs.pytest.org/en/stable/how-to/capture-warnings.html
=========================== short test summary info ===========================
FAILED tests/backend/test_evidence_crud.py::test_create_evidence_duplicate - ...
=========== 1 failed, 328 passed, 10 skipped, 43 warnings in 29.24s ===========
