============================= test session starts =============================
platform win32 -- Python 3.11.9, pytest-9.0.2, pluggy-1.6.0
rootdir: C:\Projects\sico_grc\sanadcom
configfile: pytest.ini (WARNING: ignoring pytest config in pyproject.toml!)
plugins: anyio-4.12.1, langsmith-0.7.14, asyncio-1.3.0, cov-7.0.0
asyncio: mode=Mode.STRICT, debug=False, asyncio_default_fixture_loop_scope=None, asyncio_default_test_loop_scope=function
collected 339 items

tests\ai\test_rag.py ...............s                                    [  4%]
tests\backend\test_ai.py ....                                            [  5%]
tests\backend\test_api_backend.py ..                                     [  6%]
tests\backend\test_auth_router.py .....................                  [ 12%]
tests\backend\test_backup.py .......                                     [ 14%]
tests\backend\test_controls_crud.py ......F..                            [ 17%]
tests\backend\test_core_auth.py ............                             [ 20%]
tests\backend\test_crud_utils.py ..........                              [ 23%]
tests\backend\test_database_config.py ............                       [ 27%]
tests\backend\test_evidence.py FFF                                       [ 28%]
tests\backend\test_evidence_crud.py ............                         [ 31%]
tests\backend\test_evidence_hash.py ...                                  [ 32%]
tests\backend\test_incident_router.py FF.FF.                             [ 34%]
tests\backend\test_main_endpoints.py .....                               [ 35%]
tests\backend\test_models.py ..........                                  [ 38%]
tests\backend\test_monitoring.py .......                                 [ 41%]
tests\backend\test_new_features.py ...........s.                         [ 44%]
tests\backend\test_reporting.py FFF                                      [ 45%]
tests\backend\test_reporting_endpoints.py ....                           [ 46%]
tests\backend\test_risk_logic.py ...........                             [ 50%]
tests\backend\test_risk_router.py ....FF.F.                              [ 52%]
tests\backend\test_schemas.py ......................                     [ 59%]
tests\security\test_ai_security.py .................................     [ 69%]
tests\security\test_auth_security.py ...........                         [ 72%]
tests\security\test_encryption.py ..........                             [ 75%]
tests\security\test_input_validation.py ................................ [ 84%]
                                                                         [ 84%]
tests\security\test_jwt_auth.py .................                        [ 89%]
tests\security\test_secrets.py .....ssssss........s                      [ 95%]
tests\test_api.py ...ss.FF..                                             [ 98%]
tests\test_performance.py .....                                          [100%]

================================== FAILURES ===================================
E   assert 400 == 409
     +  where 400 = <Response [400 Bad Request]>.status_code
C:\Projects\sico_grc\sanadcom\tests\backend\test_controls_crud.py:273: assert 400 == 409
  + Exception Group Traceback (most recent call last):
  |   File "C:\Projects\sico_grc\sanadcom\.venv\Lib\site-packages\starlette\_utils.py", line 81, in collapse_excgroups
  |     yield
  |   File "C:\Projects\sico_grc\sanadcom\.venv\Lib\site-packages\starlette\middleware\base.py", line 192, in __call__
  |     async with anyio.create_task_group() as task_group:
  |   File "c:\Projects\sico_grc\sanadcom\.venv\Lib\site-packages\anyio\_backends\_asyncio.py", line 783, in __aexit__
  |     raise BaseExceptionGroup(
  | ExceptionGroup: unhandled errors in a TaskGroup (1 sub-exception)
  +-+---------------- 1 ----------------
    | Traceback (most recent call last):
    |   File "C:\Projects\sico_grc\sanadcom\.venv\Lib\site-packages\_pytest\runner.py", line 353, in from_call
    |     result: TResult | None = func()
    |                              ^^^^^^
    |   File "C:\Projects\sico_grc\sanadcom\.venv\Lib\site-packages\_pytest\runner.py", line 245, in <lambda>
    |     lambda: runtest_hook(item=item, **kwds),
    |             ^^^^^^^^^^^^^^^^^^^^^^^^^^^^^^^
    |   File "C:\Projects\sico_grc\sanadcom\.venv\Lib\site-packages\pluggy\_hooks.py", line 512, in __call__
    |     return self._hookexec(self.name, self._hookimpls.copy(), kwargs, firstresult)
    |            ^^^^^^^^^^^^^^^^^^^^^^^^^^^^^^^^^^^^^^^^^^^^^^^^^^^^^^^^^^^^^^^^^^^^^^
    |   File "C:\Projects\sico_grc\sanadcom\.venv\Lib\site-packages\pluggy\_manager.py", line 120, in _hookexec
    |     return self._inner_hookexec(hook_name, methods, kwargs, firstresult)
    |            ^^^^^^^^^^^^^^^^^^^^^^^^^^^^^^^^^^^^^^^^^^^^^^^^^^^^^^^^^^^^^
    |   File "C:\Projects\sico_grc\sanadcom\.venv\Lib\site-packages\pluggy\_callers.py", line 167, in _multicall
    |     raise exception
    |   File "C:\Projects\sico_grc\sanadcom\.venv\Lib\site-packages\pluggy\_callers.py", line 139, in _multicall
    |     teardown.throw(exception)
    |   File "C:\Projects\sico_grc\sanadcom\.venv\Lib\site-packages\_pytest\logging.py", line 850, in pytest_runtest_call
    |     yield
    |   File "C:\Projects\sico_grc\sanadcom\.venv\Lib\site-packages\pluggy\_callers.py", line 139, in _multicall
    |     teardown.throw(exception)
    |   File "C:\Projects\sico_grc\sanadcom\.venv\Lib\site-packages\_pytest\capture.py", line 900, in pytest_runtest_call
    |     return (yield)
    |             ^^^^^
    |   File "C:\Projects\sico_grc\sanadcom\.venv\Lib\site-packages\pluggy\_callers.py", line 139, in _multicall
    |     teardown.throw(exception)
    |   File "C:\Projects\sico_grc\sanadcom\.venv\Lib\site-packages\pluggy\_callers.py", line 53, in run_old_style_hookwrapper
    |     return result.get_result()
    |            ^^^^^^^^^^^^^^^^^^^
    |   File "C:\Projects\sico_grc\sanadcom\.venv\Lib\site-packages\pluggy\_result.py", line 103, in get_result
    |     raise exc.with_traceback(tb)
    |   File "C:\Projects\sico_grc\sanadcom\.venv\Lib\site-packages\pluggy\_callers.py", line 38, in run_old_style_hookwrapper
    |     res = yield
    |           ^^^^^
    |   File "C:\Projects\sico_grc\sanadcom\.venv\Lib\site-packages\pluggy\_callers.py", line 139, in _multicall
    |     teardown.throw(exception)
    |   File "C:\Projects\sico_grc\sanadcom\.venv\Lib\site-packages\_pytest\skipping.py", line 268, in pytest_runtest_call
    |     return (yield)
    |             ^^^^^
    |   File "C:\Projects\sico_grc\sanadcom\.venv\Lib\site-packages\pluggy\_callers.py", line 121, in _multicall
    |     res = hook_impl.function(*args)
    |           ^^^^^^^^^^^^^^^^^^^^^^^^^
    |   File "C:\Projects\sico_grc\sanadcom\.venv\Lib\site-packages\_pytest\runner.py", line 179, in pytest_runtest_call
    |     item.runtest()
    |   File "c:\Projects\sico_grc\sanadcom\.venv\Lib\site-packages\pytest_asyncio\plugin.py", line 469, in runtest
    |     super().runtest()
    |   File "C:\Projects\sico_grc\sanadcom\.venv\Lib\site-packages\_pytest\python.py", line 1720, in runtest
    |     self.ihook.pytest_pyfunc_call(pyfuncitem=self)
    |   File "C:\Projects\sico_grc\sanadcom\.venv\Lib\site-packages\pluggy\_hooks.py", line 512, in __call__
    |     return self._hookexec(self.name, self._hookimpls.copy(), kwargs, firstresult)
    |            ^^^^^^^^^^^^^^^^^^^^^^^^^^^^^^^^^^^^^^^^^^^^^^^^^^^^^^^^^^^^^^^^^^^^^^
    |   File "C:\Projects\sico_grc\sanadcom\.venv\Lib\site-packages\pluggy\_manager.py", line 120, in _hookexec
    |     return self._inner_hookexec(hook_name, methods, kwargs, firstresult)
    |            ^^^^^^^^^^^^^^^^^^^^^^^^^^^^^^^^^^^^^^^^^^^^^^^^^^^^^^^^^^^^^
    |   File "C:\Projects\sico_grc\sanadcom\.venv\Lib\site-packages\pluggy\_callers.py", line 167, in _multicall
    |     raise exception
    |   File "C:\Projects\sico_grc\sanadcom\.venv\Lib\site-packages\pluggy\_callers.py", line 139, in _multicall
    |     teardown.throw(exception)
    |   File "C:\Projects\sico_grc\sanadcom\.venv\Lib\site-packages\pluggy\_callers.py", line 53, in run_old_style_hookwrapper
    |     return result.get_result()
    |            ^^^^^^^^^^^^^^^^^^^
    |   File "C:\Projects\sico_grc\sanadcom\.venv\Lib\site-packages\pluggy\_result.py", line 103, in get_result
    |     raise exc.with_traceback(tb)
    |   File "C:\Projects\sico_grc\sanadcom\.venv\Lib\site-packages\pluggy\_callers.py", line 38, in run_old_style_hookwrapper
    |     res = yield
    |           ^^^^^
    |   File "C:\Projects\sico_grc\sanadcom\.venv\Lib\site-packages\pluggy\_callers.py", line 121, in _multicall
    |     res = hook_impl.function(*args)
    |           ^^^^^^^^^^^^^^^^^^^^^^^^^
    |   File "C:\Projects\sico_grc\sanadcom\.venv\Lib\site-packages\_pytest\python.py", line 166, in pytest_pyfunc_call
    |     result = testfunction(**testargs)
    |              ^^^^^^^^^^^^^^^^^^^^^^^^
    |   File "c:\Projects\sico_grc\sanadcom\.venv\Lib\site-packages\pytest_asyncio\plugin.py", line 716, in inner
    |     runner.run(coro, context=context)
    |   File "C:\Users\Shahd\AppData\Local\Programs\Python\Python311\Lib\asyncio\runners.py", line 118, in run
    |     return self._loop.run_until_complete(task)
    |            ^^^^^^^^^^^^^^^^^^^^^^^^^^^^^^^^^^^
    |   File "C:\Users\Shahd\AppData\Local\Programs\Python\Python311\Lib\asyncio\base_events.py", line 654, in run_until_complete
    |     return future.result()
    |            ^^^^^^^^^^^^^^^
    |   File "C:\Projects\sico_grc\sanadcom\tests\backend\test_evidence.py", line 24, in test_create_evidence
    |     control_response = await client.post("/api/v1/controls", json=control_data)
    |                        ^^^^^^^^^^^^^^^^^^^^^^^^^^^^^^^^^^^^^^^^^^^^^^^^^^^^^^^^
    |   File "C:\Projects\sico_grc\sanadcom\.venv\Lib\site-packages\httpx\_client.py", line 1859, in post
    |     return await self.request(
    |            ^^^^^^^^^^^^^^^^^^^
    |   File "C:\Projects\sico_grc\sanadcom\.venv\Lib\site-packages\httpx\_client.py", line 1540, in request
    |     return await self.send(request, auth=auth, follow_redirects=follow_redirects)
    |            ^^^^^^^^^^^^^^^^^^^^^^^^^^^^^^^^^^^^^^^^^^^^^^^^^^^^^^^^^^^^^^^^^^^^^^
    |   File "C:\Projects\sico_grc\sanadcom\.venv\Lib\site-packages\httpx\_client.py", line 1629, in send
    |     response = await self._send_handling_auth(
    |                ^^^^^^^^^^^^^^^^^^^^^^^^^^^^^^^
    |   File "C:\Projects\sico_grc\sanadcom\.venv\Lib\site-packages\httpx\_client.py", line 1657, in _send_handling_auth
    |     response = await self._send_handling_redirects(
    |                ^^^^^^^^^^^^^^^^^^^^^^^^^^^^^^^^^^^^
    |   File "C:\Projects\sico_grc\sanadcom\.venv\Lib\site-packages\httpx\_client.py", line 1694, in _send_handling_redirects
    |     response = await self._send_single_request(request)
    |                ^^^^^^^^^^^^^^^^^^^^^^^^^^^^^^^^^^^^^^^^
    |   File "C:\Projects\sico_grc\sanadcom\.venv\Lib\site-packages\httpx\_client.py", line 1730, in _send_single_request
    |     response = await transport.handle_async_request(request)
    |                ^^^^^^^^^^^^^^^^^^^^^^^^^^^^^^^^^^^^^^^^^^^^^
    |   File "C:\Projects\sico_grc\sanadcom\.venv\Lib\site-packages\httpx\_transports\asgi.py", line 170, in handle_async_request
    |     await self.app(scope, receive, send)
    |   File "C:\Projects\sico_grc\sanadcom\.venv\Lib\site-packages\fastapi\applications.py", line 1134, in __call__
    |     await super().__call__(scope, receive, send)
    |   File "C:\Projects\sico_grc\sanadcom\.venv\Lib\site-packages\starlette\applications.py", line 107, in __call__
    |     await self.middleware_stack(scope, receive, send)
    |   File "C:\Projects\sico_grc\sanadcom\.venv\Lib\site-packages\starlette\middleware\errors.py", line 186, in __call__
    |     raise exc
    |   File "C:\Projects\sico_grc\sanadcom\.venv\Lib\site-packages\starlette\middleware\errors.py", line 164, in __call__
    |     await self.app(scope, receive, _send)
    |   File "C:\Projects\sico_grc\sanadcom\.venv\Lib\site-packages\starlette\middleware\cors.py", line 87, in __call__
    |     await self.app(scope, receive, send)
    |   File "C:\Projects\sico_grc\sanadcom\.venv\Lib\site-packages\starlette\middleware\base.py", line 191, in __call__
    |     with recv_stream, send_stream, collapse_excgroups():
    |   File "C:\Users\Shahd\AppData\Local\Programs\Python\Python311\Lib\contextlib.py", line 158, in __exit__
    |     self.gen.throw(typ, value, traceback)
    |   File "C:\Projects\sico_grc\sanadcom\.venv\Lib\site-packages\starlette\_utils.py", line 87, in collapse_excgroups
    |     raise exc
    |   File "C:\Projects\sico_grc\sanadcom\.venv\Lib\site-packages\starlette\middleware\base.py", line 193, in __call__
    |     response = await self.dispatch_func(request, call_next)
    |                ^^^^^^^^^^^^^^^^^^^^^^^^^^^^^^^^^^^^^^^^^^^^
    |   File "C:\Projects\sico_grc\sanadcom\src\backend\core\security_middleware.py", line 228, in dispatch
    |     return await call_next(request)
    |            ^^^^^^^^^^^^^^^^^^^^^^^^
    |   File "C:\Projects\sico_grc\sanadcom\.venv\Lib\site-packages\starlette\middleware\base.py", line 168, in call_next
    |     raise app_exc from app_exc.__cause__ or app_exc.__context__
    |   File "C:\Projects\sico_grc\sanadcom\.venv\Lib\site-packages\starlette\middleware\base.py", line 144, in coro
    |     await self.app(scope, receive_or_disconnect, send_no_error)
    |   File "C:\Projects\sico_grc\sanadcom\.venv\Lib\site-packages\starlette\middleware\base.py", line 191, in __call__
    |     with recv_stream, send_stream, collapse_excgroups():
    |   File "C:\Users\Shahd\AppData\Local\Programs\Python\Python311\Lib\contextlib.py", line 158, in __exit__
    |     self.gen.throw(typ, value, traceback)
    |   File "C:\Projects\sico_grc\sanadcom\.venv\Lib\site-packages\starlette\_utils.py", line 87, in collapse_excgroups
    |     raise exc
    |   File "C:\Projects\sico_grc\sanadcom\.venv\Lib\site-packages\starlette\middleware\base.py", line 193, in __call__
    |     response = await self.dispatch_func(request, call_next)
    |                ^^^^^^^^^^^^^^^^^^^^^^^^^^^^^^^^^^^^^^^^^^^^
    |   File "C:\Projects\sico_grc\sanadcom\src\backend\core\security_middleware.py", line 152, in dispatch
    |     response = await call_next(request)
    |                ^^^^^^^^^^^^^^^^^^^^^^^^
    |   File "C:\Projects\sico_grc\sanadcom\.venv\Lib\site-packages\starlette\middleware\base.py", line 168, in call_next
    |     raise app_exc from app_exc.__cause__ or app_exc.__context__
    |   File "C:\Projects\sico_grc\sanadcom\.venv\Lib\site-packages\starlette\middleware\base.py", line 144, in coro
    |     await self.app(scope, receive_or_disconnect, send_no_error)
    |   File "C:\Projects\sico_grc\sanadcom\.venv\Lib\site-packages\starlette\middleware\base.py", line 191, in __call__
    |     with recv_stream, send_stream, collapse_excgroups():
    |   File "C:\Users\Shahd\AppData\Local\Programs\Python\Python311\Lib\contextlib.py", line 158, in __exit__
    |     self.gen.throw(typ, value, traceback)
    |   File "C:\Projects\sico_grc\sanadcom\.venv\Lib\site-packages\starlette\_utils.py", line 87, in collapse_excgroups
    |     raise exc
    |   File "C:\Projects\sico_grc\sanadcom\.venv\Lib\site-packages\starlette\middleware\base.py", line 193, in __call__
    |     response = await self.dispatch_func(request, call_next)
    |                ^^^^^^^^^^^^^^^^^^^^^^^^^^^^^^^^^^^^^^^^^^^^
    |   File "C:\Projects\sico_grc\sanadcom\src\backend\core\security_middleware.py", line 92, in dispatch
    |     return await call_next(request)
    |            ^^^^^^^^^^^^^^^^^^^^^^^^
    |   File "C:\Projects\sico_grc\sanadcom\.venv\Lib\site-packages\starlette\middleware\base.py", line 168, in call_next
    |     raise app_exc from app_exc.__cause__ or app_exc.__context__
    |   File "C:\Projects\sico_grc\sanadcom\.venv\Lib\site-packages\starlette\middleware\base.py", line 144, in coro
    |     await self.app(scope, receive_or_disconnect, send_no_error)
    |   File "C:\Projects\sico_grc\sanadcom\.venv\Lib\site-packages\starlette\middleware\base.py", line 191, in __call__
    |     with recv_stream, send_stream, collapse_excgroups():
    |   File "C:\Users\Shahd\AppData\Local\Programs\Python\Python311\Lib\contextlib.py", line 158, in __exit__
    |     self.gen.throw(typ, value, traceback)
    |   File "C:\Projects\sico_grc\sanadcom\.venv\Lib\site-packages\starlette\_utils.py", line 87, in collapse_excgroups
    |     raise exc
    |   File "C:\Projects\sico_grc\sanadcom\.venv\Lib\site-packages\starlette\middleware\base.py", line 193, in __call__
    |     response = await self.dispatch_func(request, call_next)
    |                ^^^^^^^^^^^^^^^^^^^^^^^^^^^^^^^^^^^^^^^^^^^^
    |   File "C:\Projects\sico_grc\sanadcom\src\backend\core\security_middleware.py", line 39, in dispatch
    |     response = await call_next(request)
    |                ^^^^^^^^^^^^^^^^^^^^^^^^
    |   File "C:\Projects\sico_grc\sanadcom\.venv\Lib\site-packages\starlette\middleware\base.py", line 168, in call_next
    |     raise app_exc from app_exc.__cause__ or app_exc.__context__
    |   File "C:\Projects\sico_grc\sanadcom\.venv\Lib\site-packages\starlette\middleware\base.py", line 144, in coro
    |     await self.app(scope, receive_or_disconnect, send_no_error)
    |   File "C:\Projects\sico_grc\sanadcom\.venv\Lib\site-packages\starlette\middleware\trustedhost.py", line 36, in __call__
    |     await self.app(scope, receive, send)
    |   File "C:\Projects\sico_grc\sanadcom\.venv\Lib\site-packages\starlette\middleware\exceptions.py", line 63, in __call__
    |     await wrap_app_handling_exceptions(self.app, conn)(scope, receive, send)
    |   File "C:\Projects\sico_grc\sanadcom\.venv\Lib\site-packages\starlette\_exception_handler.py", line 53, in wrapped_app
    |     raise exc
    |   File "C:\Projects\sico_grc\sanadcom\.venv\Lib\site-packages\starlette\_exception_handler.py", line 42, in wrapped_app
    |     await app(scope, receive, sender)
    |   File "C:\Projects\sico_grc\sanadcom\.venv\Lib\site-packages\fastapi\middleware\asyncexitstack.py", line 18, in __call__
    |     await self.app(scope, receive, send)
    |   File "C:\Projects\sico_grc\sanadcom\.venv\Lib\site-packages\starlette\routing.py", line 716, in __call__
    |     await self.middleware_stack(scope, receive, send)
    |   File "C:\Projects\sico_grc\sanadcom\.venv\Lib\site-packages\starlette\routing.py", line 736, in app
    |     await route.handle(scope, receive, send)
    |   File "C:\Projects\sico_grc\sanadcom\.venv\Lib\site-packages\starlette\routing.py", line 290, in handle
    |     await self.app(scope, receive, send)
    |   File "C:\Projects\sico_grc\sanadcom\.venv\Lib\site-packages\fastapi\routing.py", line 119, in app
    |     await wrap_app_handling_exceptions(app, request)(scope, receive, send)
    |   File "C:\Projects\sico_grc\sanadcom\.venv\Lib\site-packages\starlette\_exception_handler.py", line 53, in wrapped_app
    |     raise exc
    |   File "C:\Projects\sico_grc\sanadcom\.venv\Lib\site-packages\starlette\_exception_handler.py", line 42, in wrapped_app
    |     await app(scope, receive, sender)
    |   File "C:\Projects\sico_grc\sanadcom\.venv\Lib\site-packages\fastapi\routing.py", line 105, in app
    |     response = await f(request)
    |                ^^^^^^^^^^^^^^^^
    |   File "C:\Projects\sico_grc\sanadcom\.venv\Lib\site-packages\fastapi\routing.py", line 424, in app
    |     raw_response = await run_endpoint_function(
    |                    ^^^^^^^^^^^^^^^^^^^^^^^^^^^^
    |   File "C:\Projects\sico_grc\sanadcom\.venv\Lib\site-packages\fastapi\routing.py", line 312, in run_endpoint_function
    |     return await dependant.call(**values)
    |            ^^^^^^^^^^^^^^^^^^^^^^^^^^^^^^
    |   File "C:\Projects\sico_grc\sanadcom\src\backend\controls\router.py", line 112, in create_control
    |     await check_exists(
    |   File "C:\Projects\sico_grc\sanadcom\src\backend\core\crud_utils.py", line 84, in check_exists
    |     result = await db.execute(query)
    |              ^^^^^^^^^^^^^^^^^^^^^^^
    |   File "C:\Projects\sico_grc\sanadcom\.venv\Lib\site-packages\sqlalchemy\ext\asyncio\session.py", line 461, in execute
    |     result = await greenlet_spawn(
    |              ^^^^^^^^^^^^^^^^^^^^^
    |   File "C:\Projects\sico_grc\sanadcom\.venv\Lib\site-packages\sqlalchemy\util\_concurrency_py3k.py", line 201, in greenlet_spawn
    |     result = context.throw(*sys.exc_info())
    |              ^^^^^^^^^^^^^^^^^^^^^^^^^^^^^^
    |   File "C:\Projects\sico_grc\sanadcom\.venv\Lib\site-packages\sqlalchemy\orm\session.py", line 2362, in execute
    |     return self._execute_internal(
    |            ^^^^^^^^^^^^^^^^^^^^^^^
    |   File "C:\Projects\sico_grc\sanadcom\.venv\Lib\site-packages\sqlalchemy\orm\session.py", line 2237, in _execute_internal
    |     conn = self._connection_for_bind(bind)
    |            ^^^^^^^^^^^^^^^^^^^^^^^^^^^^^^^
    |   File "C:\Projects\sico_grc\sanadcom\.venv\Lib\site-packages\sqlalchemy\orm\session.py", line 2106, in _connection_for_bind
    |     return trans._connection_for_bind(engine, execution_options)
    |            ^^^^^^^^^^^^^^^^^^^^^^^^^^^^^^^^^^^^^^^^^^^^^^^^^^^^^
    |   File "<string>", line 2, in _connection_for_bind
    |   File "C:\Projects\sico_grc\sanadcom\.venv\Lib\site-packages\sqlalchemy\orm\state_changes.py", line 139, in _go
    |     ret_value = fn(self, *arg, **kw)
    |                 ^^^^^^^^^^^^^^^^^^^^
    |   File "C:\Projects\sico_grc\sanadcom\.venv\Lib\site-packages\sqlalchemy\orm\session.py", line 1189, in _connection_for_bind
    |     conn = bind.connect()
    |            ^^^^^^^^^^^^^^
    |   File "C:\Projects\sico_grc\sanadcom\.venv\Lib\site-packages\sqlalchemy\engine\base.py", line 3278, in connect
    |     return self._connection_cls(self)
    |            ^^^^^^^^^^^^^^^^^^^^^^^^^^
    |   File "C:\Projects\sico_grc\sanadcom\.venv\Lib\site-packages\sqlalchemy\engine\base.py", line 146, in __init__
    |     self._dbapi_connection = engine.raw_connection()
    |                              ^^^^^^^^^^^^^^^^^^^^^^^
    |   File "C:\Projects\sico_grc\sanadcom\.venv\Lib\site-packages\sqlalchemy\engine\base.py", line 3302, in raw_connection
    |     return self.pool.connect()
    |            ^^^^^^^^^^^^^^^^^^^
    |   File "C:\Projects\sico_grc\sanadcom\.venv\Lib\site-packages\sqlalchemy\pool\base.py", line 449, in connect
    |     return _ConnectionFairy._checkout(self)
    |            ^^^^^^^^^^^^^^^^^^^^^^^^^^^^^^^^
    |   File "C:\Projects\sico_grc\sanadcom\.venv\Lib\site-packages\sqlalchemy\pool\base.py", line 1263, in _checkout
    |     fairy = _ConnectionRecord.checkout(pool)
    |             ^^^^^^^^^^^^^^^^^^^^^^^^^^^^^^^^
    |   File "C:\Projects\sico_grc\sanadcom\.venv\Lib\site-packages\sqlalchemy\pool\base.py", line 712, in checkout
    |     rec = pool._do_get()
    |           ^^^^^^^^^^^^^^
    |   File "C:\Projects\sico_grc\sanadcom\.venv\Lib\site-packages\sqlalchemy\pool\impl.py", line 308, in _do_get
    |     return self._create_connection()
    |            ^^^^^^^^^^^^^^^^^^^^^^^^^
    |   File "C:\Projects\sico_grc\sanadcom\.venv\Lib\site-packages\sqlalchemy\pool\base.py", line 390, in _create_connection
    |     return _ConnectionRecord(self)
    |            ^^^^^^^^^^^^^^^^^^^^^^^
    |   File "C:\Projects\sico_grc\sanadcom\.venv\Lib\site-packages\sqlalchemy\pool\base.py", line 674, in __init__
    |     self.__connect()
    |   File "C:\Projects\sico_grc\sanadcom\.venv\Lib\site-packages\sqlalchemy\pool\base.py", line 900, in __connect
    |     with util.safe_reraise():
    |   File "C:\Projects\sico_grc\sanadcom\.venv\Lib\site-packages\sqlalchemy\util\langhelpers.py", line 146, in __exit__
    |     raise exc_value.with_traceback(exc_tb)
    |   File "C:\Projects\sico_grc\sanadcom\.venv\Lib\site-packages\sqlalchemy\pool\base.py", line 896, in __connect
    |     self.dbapi_connection = connection = pool._invoke_creator(self)
    |                                          ^^^^^^^^^^^^^^^^^^^^^^^^^^
    |   File "C:\Projects\sico_grc\sanadcom\.venv\Lib\site-packages\sqlalchemy\engine\create.py", line 643, in connect
    |     return dialect.connect(*cargs, **cparams)
    |            ^^^^^^^^^^^^^^^^^^^^^^^^^^^^^^^^^^
    |   File "C:\Projects\sico_grc\sanadcom\.venv\Lib\site-packages\sqlalchemy\engine\default.py", line 621, in connect
    |     return self.loaded_dbapi.connect(*cargs, **cparams)
    |            ^^^^^^^^^^^^^^^^^^^^^^^^^^^^^^^^^^^^^^^^^^^^
    |   File "C:\Projects\sico_grc\sanadcom\.venv\Lib\site-packages\sqlalchemy\dialects\postgresql\asyncpg.py", line 949, in connect
    |     await_only(creator_fn(*arg, **kw)),
    |     ^^^^^^^^^^^^^^^^^^^^^^^^^^^^^^^^^^
    |   File "C:\Projects\sico_grc\sanadcom\.venv\Lib\site-packages\sqlalchemy\util\_concurrency_py3k.py", line 132, in await_only
    |     return current.parent.switch(awaitable)  # type: ignore[no-any-return,attr-defined] # noqa: E501
    |            ^^^^^^^^^^^^^^^^^^^^^^^^^^^^^^^^
    |   File "C:\Projects\sico_grc\sanadcom\.venv\Lib\site-packages\sqlalchemy\util\_concurrency_py3k.py", line 196, in greenlet_spawn
    |     value = await result
    |             ^^^^^^^^^^^^
    |   File "C:\Projects\sico_grc\sanadcom\.venv\Lib\site-packages\asyncpg\connection.py", line 2421, in connect
    |     return await connect_utils._connect(
    |            ^^^^^^^^^^^^^^^^^^^^^^^^^^^^^
    |   File "C:\Projects\sico_grc\sanadcom\.venv\Lib\site-packages\asyncpg\connect_utils.py", line 1049, in _connect
    |     conn = await _connect_addr(
    |            ^^^^^^^^^^^^^^^^^^^^
    |   File "C:\Projects\sico_grc\sanadcom\.venv\Lib\site-packages\asyncpg\connect_utils.py", line 886, in _connect_addr
    |     return await __connect_addr(params, True, *args)
    |            ^^^^^^^^^^^^^^^^^^^^^^^^^^^^^^^^^^^^^^^^^
    |   File "C:\Projects\sico_grc\sanadcom\.venv\Lib\site-packages\asyncpg\connect_utils.py", line 934, in __connect_addr
    |     await connected
    | asyncpg.exceptions.InvalidCatalogNameError: database "sico_grc_test" does not exist
    +------------------------------------

The above exception was the direct cause of the following exception:

Traceback (most recent call last):
  File "C:\Projects\sico_grc\sanadcom\tests\backend\test_evidence.py", line 24, in test_create_evidence
    control_response = await client.post("/api/v1/controls", json=control_data)
                       ^^^^^^^^^^^^^^^^^^^^^^^^^^^^^^^^^^^^^^^^^^^^^^^^^^^^^^^^
  File "C:\Projects\sico_grc\sanadcom\.venv\Lib\site-packages\httpx\_client.py", line 1859, in post
    return await self.request(
           ^^^^^^^^^^^^^^^^^^^
  File "C:\Projects\sico_grc\sanadcom\.venv\Lib\site-packages\httpx\_client.py", line 1540, in request
    return await self.send(request, auth=auth, follow_redirects=follow_redirects)
           ^^^^^^^^^^^^^^^^^^^^^^^^^^^^^^^^^^^^^^^^^^^^^^^^^^^^^^^^^^^^^^^^^^^^^^
  File "C:\Projects\sico_grc\sanadcom\.venv\Lib\site-packages\httpx\_client.py", line 1629, in send
    response = await self._send_handling_auth(
               ^^^^^^^^^^^^^^^^^^^^^^^^^^^^^^^
  File "C:\Projects\sico_grc\sanadcom\.venv\Lib\site-packages\httpx\_client.py", line 1657, in _send_handling_auth
    response = await self._send_handling_redirects(
               ^^^^^^^^^^^^^^^^^^^^^^^^^^^^^^^^^^^^
  File "C:\Projects\sico_grc\sanadcom\.venv\Lib\site-packages\httpx\_client.py", line 1694, in _send_handling_redirects
    response = await self._send_single_request(request)
               ^^^^^^^^^^^^^^^^^^^^^^^^^^^^^^^^^^^^^^^^
  File "C:\Projects\sico_grc\sanadcom\.venv\Lib\site-packages\httpx\_client.py", line 1730, in _send_single_request
    response = await transport.handle_async_request(request)
               ^^^^^^^^^^^^^^^^^^^^^^^^^^^^^^^^^^^^^^^^^^^^^
  File "C:\Projects\sico_grc\sanadcom\.venv\Lib\site-packages\httpx\_transports\asgi.py", line 170, in handle_async_request
    await self.app(scope, receive, send)
  File "C:\Projects\sico_grc\sanadcom\.venv\Lib\site-packages\fastapi\applications.py", line 1134, in __call__
    await super().__call__(scope, receive, send)
  File "C:\Projects\sico_grc\sanadcom\.venv\Lib\site-packages\starlette\applications.py", line 107, in __call__
    await self.middleware_stack(scope, receive, send)
  File "C:\Projects\sico_grc\sanadcom\.venv\Lib\site-packages\starlette\middleware\errors.py", line 186, in __call__
    raise exc
  File "C:\Projects\sico_grc\sanadcom\.venv\Lib\site-packages\starlette\middleware\errors.py", line 164, in __call__
    await self.app(scope, receive, _send)
  File "C:\Projects\sico_grc\sanadcom\.venv\Lib\site-packages\starlette\middleware\cors.py", line 87, in __call__
    await self.app(scope, receive, send)
  File "C:\Projects\sico_grc\sanadcom\.venv\Lib\site-packages\starlette\middleware\base.py", line 191, in __call__
    with recv_stream, send_stream, collapse_excgroups():
  File "C:\Users\Shahd\AppData\Local\Programs\Python\Python311\Lib\contextlib.py", line 158, in __exit__
    self.gen.throw(typ, value, traceback)
  File "C:\Projects\sico_grc\sanadcom\.venv\Lib\site-packages\starlette\_utils.py", line 87, in collapse_excgroups
    raise exc
  File "C:\Projects\sico_grc\sanadcom\.venv\Lib\site-packages\starlette\middleware\base.py", line 193, in __call__
    response = await self.dispatch_func(request, call_next)
               ^^^^^^^^^^^^^^^^^^^^^^^^^^^^^^^^^^^^^^^^^^^^
  File "C:\Projects\sico_grc\sanadcom\src\backend\core\security_middleware.py", line 228, in dispatch
    return await call_next(request)
           ^^^^^^^^^^^^^^^^^^^^^^^^
  File "C:\Projects\sico_grc\sanadcom\.venv\Lib\site-packages\starlette\middleware\base.py", line 168, in call_next
    raise app_exc from app_exc.__cause__ or app_exc.__context__
  File "C:\Projects\sico_grc\sanadcom\.venv\Lib\site-packages\starlette\middleware\base.py", line 144, in coro
    await self.app(scope, receive_or_disconnect, send_no_error)
  File "C:\Projects\sico_grc\sanadcom\.venv\Lib\site-packages\starlette\middleware\base.py", line 191, in __call__
    with recv_stream, send_stream, collapse_excgroups():
  File "C:\Users\Shahd\AppData\Local\Programs\Python\Python311\Lib\contextlib.py", line 158, in __exit__
    self.gen.throw(typ, value, traceback)
  File "C:\Projects\sico_grc\sanadcom\.venv\Lib\site-packages\starlette\_utils.py", line 87, in collapse_excgroups
    raise exc
  File "C:\Projects\sico_grc\sanadcom\.venv\Lib\site-packages\starlette\middleware\base.py", line 193, in __call__
    response = await self.dispatch_func(request, call_next)
               ^^^^^^^^^^^^^^^^^^^^^^^^^^^^^^^^^^^^^^^^^^^^
  File "C:\Projects\sico_grc\sanadcom\src\backend\core\security_middleware.py", line 152, in dispatch
    response = await call_next(request)
               ^^^^^^^^^^^^^^^^^^^^^^^^
  File "C:\Projects\sico_grc\sanadcom\.venv\Lib\site-packages\starlette\middleware\base.py", line 168, in call_next
    raise app_exc from app_exc.__cause__ or app_exc.__context__
  File "C:\Projects\sico_grc\sanadcom\.venv\Lib\site-packages\starlette\middleware\base.py", line 144, in coro
    await self.app(scope, receive_or_disconnect, send_no_error)
  File "C:\Projects\sico_grc\sanadcom\.venv\Lib\site-packages\starlette\middleware\base.py", line 191, in __call__
    with recv_stream, send_stream, collapse_excgroups():
  File "C:\Users\Shahd\AppData\Local\Programs\Python\Python311\Lib\contextlib.py", line 158, in __exit__
    self.gen.throw(typ, value, traceback)
  File "C:\Projects\sico_grc\sanadcom\.venv\Lib\site-packages\starlette\_utils.py", line 87, in collapse_excgroups
    raise exc
  File "C:\Projects\sico_grc\sanadcom\.venv\Lib\site-packages\starlette\middleware\base.py", line 193, in __call__
    response = await self.dispatch_func(request, call_next)
               ^^^^^^^^^^^^^^^^^^^^^^^^^^^^^^^^^^^^^^^^^^^^
  File "C:\Projects\sico_grc\sanadcom\src\backend\core\security_middleware.py", line 92, in dispatch
    return await call_next(request)
           ^^^^^^^^^^^^^^^^^^^^^^^^
  File "C:\Projects\sico_grc\sanadcom\.venv\Lib\site-packages\starlette\middleware\base.py", line 168, in call_next
    raise app_exc from app_exc.__cause__ or app_exc.__context__
  File "C:\Projects\sico_grc\sanadcom\.venv\Lib\site-packages\starlette\middleware\base.py", line 144, in coro
    await self.app(scope, receive_or_disconnect, send_no_error)
  File "C:\Projects\sico_grc\sanadcom\.venv\Lib\site-packages\starlette\middleware\base.py", line 191, in __call__
    with recv_stream, send_stream, collapse_excgroups():
  File "C:\Users\Shahd\AppData\Local\Programs\Python\Python311\Lib\contextlib.py", line 158, in __exit__
    self.gen.throw(typ, value, traceback)
  File "C:\Projects\sico_grc\sanadcom\.venv\Lib\site-packages\starlette\_utils.py", line 87, in collapse_excgroups
    raise exc
  File "C:\Projects\sico_grc\sanadcom\.venv\Lib\site-packages\starlette\middleware\base.py", line 193, in __call__
    response = await self.dispatch_func(request, call_next)
               ^^^^^^^^^^^^^^^^^^^^^^^^^^^^^^^^^^^^^^^^^^^^
  File "C:\Projects\sico_grc\sanadcom\src\backend\core\security_middleware.py", line 39, in dispatch
    response = await call_next(request)
               ^^^^^^^^^^^^^^^^^^^^^^^^
  File "C:\Projects\sico_grc\sanadcom\.venv\Lib\site-packages\starlette\middleware\base.py", line 168, in call_next
    raise app_exc from app_exc.__cause__ or app_exc.__context__
  File "C:\Projects\sico_grc\sanadcom\.venv\Lib\site-packages\starlette\middleware\base.py", line 144, in coro
    await self.app(scope, receive_or_disconnect, send_no_error)
  File "C:\Projects\sico_grc\sanadcom\.venv\Lib\site-packages\starlette\middleware\trustedhost.py", line 36, in __call__
    await self.app(scope, receive, send)
  File "C:\Projects\sico_grc\sanadcom\.venv\Lib\site-packages\starlette\middleware\exceptions.py", line 63, in __call__
    await wrap_app_handling_exceptions(self.app, conn)(scope, receive, send)
  File "C:\Projects\sico_grc\sanadcom\.venv\Lib\site-packages\starlette\_exception_handler.py", line 53, in wrapped_app
    raise exc
  File "C:\Projects\sico_grc\sanadcom\.venv\Lib\site-packages\starlette\_exception_handler.py", line 42, in wrapped_app
    await app(scope, receive, sender)
  File "C:\Projects\sico_grc\sanadcom\.venv\Lib\site-packages\fastapi\middleware\asyncexitstack.py", line 18, in __call__
    await self.app(scope, receive, send)
  File "C:\Projects\sico_grc\sanadcom\.venv\Lib\site-packages\starlette\routing.py", line 716, in __call__
    await self.middleware_stack(scope, receive, send)
  File "C:\Projects\sico_grc\sanadcom\.venv\Lib\site-packages\starlette\routing.py", line 736, in app
    await route.handle(scope, receive, send)
  File "C:\Projects\sico_grc\sanadcom\.venv\Lib\site-packages\starlette\routing.py", line 290, in handle
    await self.app(scope, receive, send)
  File "C:\Projects\sico_grc\sanadcom\.venv\Lib\site-packages\fastapi\routing.py", line 119, in app
    await wrap_app_handling_exceptions(app, request)(scope, receive, send)
  File "C:\Projects\sico_grc\sanadcom\.venv\Lib\site-packages\starlette\_exception_handler.py", line 53, in wrapped_app
    raise exc
  File "C:\Projects\sico_grc\sanadcom\.venv\Lib\site-packages\starlette\_exception_handler.py", line 42, in wrapped_app
    await app(scope, receive, sender)
  File "C:\Projects\sico_grc\sanadcom\.venv\Lib\site-packages\fastapi\routing.py", line 105, in app
    response = await f(request)
               ^^^^^^^^^^^^^^^^
  File "C:\Projects\sico_grc\sanadcom\.venv\Lib\site-packages\fastapi\routing.py", line 424, in app
    raw_response = await run_endpoint_function(
                   ^^^^^^^^^^^^^^^^^^^^^^^^^^^^
  File "C:\Projects\sico_grc\sanadcom\.venv\Lib\site-packages\fastapi\routing.py", line 312, in run_endpoint_function
    return await dependant.call(**values)
           ^^^^^^^^^^^^^^^^^^^^^^^^^^^^^^
  File "C:\Projects\sico_grc\sanadcom\src\backend\controls\router.py", line 112, in create_control
    await check_exists(
  File "C:\Projects\sico_grc\sanadcom\src\backend\core\crud_utils.py", line 84, in check_exists
    result = await db.execute(query)
             ^^^^^^^^^^^^^^^^^^^^^^^
  File "C:\Projects\sico_grc\sanadcom\.venv\Lib\site-packages\sqlalchemy\ext\asyncio\session.py", line 461, in execute
    result = await greenlet_spawn(
             ^^^^^^^^^^^^^^^^^^^^^
  File "C:\Projects\sico_grc\sanadcom\.venv\Lib\site-packages\sqlalchemy\util\_concurrency_py3k.py", line 201, in greenlet_spawn
    result = context.throw(*sys.exc_info())
             ^^^^^^^^^^^^^^^^^^^^^^^^^^^^^^
  File "C:\Projects\sico_grc\sanadcom\.venv\Lib\site-packages\sqlalchemy\orm\session.py", line 2362, in execute
    return self._execute_internal(
           ^^^^^^^^^^^^^^^^^^^^^^^
  File "C:\Projects\sico_grc\sanadcom\.venv\Lib\site-packages\sqlalchemy\orm\session.py", line 2237, in _execute_internal
    conn = self._connection_for_bind(bind)
           ^^^^^^^^^^^^^^^^^^^^^^^^^^^^^^^
  File "C:\Projects\sico_grc\sanadcom\.venv\Lib\site-packages\sqlalchemy\orm\session.py", line 2106, in _connection_for_bind
    return trans._connection_for_bind(engine, execution_options)
           ^^^^^^^^^^^^^^^^^^^^^^^^^^^^^^^^^^^^^^^^^^^^^^^^^^^^^
  File "<string>", line 2, in _connection_for_bind
  File "C:\Projects\sico_grc\sanadcom\.venv\Lib\site-packages\sqlalchemy\orm\state_changes.py", line 139, in _go
    ret_value = fn(self, *arg, **kw)
                ^^^^^^^^^^^^^^^^^^^^
  File "C:\Projects\sico_grc\sanadcom\.venv\Lib\site-packages\sqlalchemy\orm\session.py", line 1189, in _connection_for_bind
    conn = bind.connect()
           ^^^^^^^^^^^^^^
  File "C:\Projects\sico_grc\sanadcom\.venv\Lib\site-packages\sqlalchemy\engine\base.py", line 3278, in connect
    return self._connection_cls(self)
           ^^^^^^^^^^^^^^^^^^^^^^^^^^
  File "C:\Projects\sico_grc\sanadcom\.venv\Lib\site-packages\sqlalchemy\engine\base.py", line 146, in __init__
    self._dbapi_connection = engine.raw_connection()
                             ^^^^^^^^^^^^^^^^^^^^^^^
  File "C:\Projects\sico_grc\sanadcom\.venv\Lib\site-packages\sqlalchemy\engine\base.py", line 3302, in raw_connection
    return self.pool.connect()
           ^^^^^^^^^^^^^^^^^^^
  File "C:\Projects\sico_grc\sanadcom\.venv\Lib\site-packages\sqlalchemy\pool\base.py", line 449, in connect
    return _ConnectionFairy._checkout(self)
           ^^^^^^^^^^^^^^^^^^^^^^^^^^^^^^^^
  File "C:\Projects\sico_grc\sanadcom\.venv\Lib\site-packages\sqlalchemy\pool\base.py", line 1263, in _checkout
    fairy = _ConnectionRecord.checkout(pool)
            ^^^^^^^^^^^^^^^^^^^^^^^^^^^^^^^^
  File "C:\Projects\sico_grc\sanadcom\.venv\Lib\site-packages\sqlalchemy\pool\base.py", line 712, in checkout
    rec = pool._do_get()
          ^^^^^^^^^^^^^^
  File "C:\Projects\sico_grc\sanadcom\.venv\Lib\site-packages\sqlalchemy\pool\impl.py", line 308, in _do_get
    return self._create_connection()
           ^^^^^^^^^^^^^^^^^^^^^^^^^
  File "C:\Projects\sico_grc\sanadcom\.venv\Lib\site-packages\sqlalchemy\pool\base.py", line 390, in _create_connection
    return _ConnectionRecord(self)
           ^^^^^^^^^^^^^^^^^^^^^^^
  File "C:\Projects\sico_grc\sanadcom\.venv\Lib\site-packages\sqlalchemy\pool\base.py", line 674, in __init__
    self.__connect()
  File "C:\Projects\sico_grc\sanadcom\.venv\Lib\site-packages\sqlalchemy\pool\base.py", line 900, in __connect
    with util.safe_reraise():
  File "C:\Projects\sico_grc\sanadcom\.venv\Lib\site-packages\sqlalchemy\util\langhelpers.py", line 146, in __exit__
    raise exc_value.with_traceback(exc_tb)
  File "C:\Projects\sico_grc\sanadcom\.venv\Lib\site-packages\sqlalchemy\pool\base.py", line 896, in __connect
    self.dbapi_connection = connection = pool._invoke_creator(self)
                                         ^^^^^^^^^^^^^^^^^^^^^^^^^^
  File "C:\Projects\sico_grc\sanadcom\.venv\Lib\site-packages\sqlalchemy\engine\create.py", line 643, in connect
    return dialect.connect(*cargs, **cparams)
           ^^^^^^^^^^^^^^^^^^^^^^^^^^^^^^^^^^
  File "C:\Projects\sico_grc\sanadcom\.venv\Lib\site-packages\sqlalchemy\engine\default.py", line 621, in connect
    return self.loaded_dbapi.connect(*cargs, **cparams)
           ^^^^^^^^^^^^^^^^^^^^^^^^^^^^^^^^^^^^^^^^^^^^
  File "C:\Projects\sico_grc\sanadcom\.venv\Lib\site-packages\sqlalchemy\dialects\postgresql\asyncpg.py", line 949, in connect
    await_only(creator_fn(*arg, **kw)),
    ^^^^^^^^^^^^^^^^^^^^^^^^^^^^^^^^^^
  File "C:\Projects\sico_grc\sanadcom\.venv\Lib\site-packages\sqlalchemy\util\_concurrency_py3k.py", line 132, in await_only
    return current.parent.switch(awaitable)  # type: ignore[no-any-return,attr-defined] # noqa: E501
           ^^^^^^^^^^^^^^^^^^^^^^^^^^^^^^^^
  File "C:\Projects\sico_grc\sanadcom\.venv\Lib\site-packages\sqlalchemy\util\_concurrency_py3k.py", line 196, in greenlet_spawn
    value = await result
            ^^^^^^^^^^^^
  File "C:\Projects\sico_grc\sanadcom\.venv\Lib\site-packages\asyncpg\connection.py", line 2421, in connect
    return await connect_utils._connect(
           ^^^^^^^^^^^^^^^^^^^^^^^^^^^^^
  File "C:\Projects\sico_grc\sanadcom\.venv\Lib\site-packages\asyncpg\connect_utils.py", line 1049, in _connect
    conn = await _connect_addr(
           ^^^^^^^^^^^^^^^^^^^^
  File "C:\Projects\sico_grc\sanadcom\.venv\Lib\site-packages\asyncpg\connect_utils.py", line 886, in _connect_addr
    return await __connect_addr(params, True, *args)
           ^^^^^^^^^^^^^^^^^^^^^^^^^^^^^^^^^^^^^^^^^
  File "C:\Projects\sico_grc\sanadcom\.venv\Lib\site-packages\asyncpg\connect_utils.py", line 934, in __connect_addr
    await connected
asyncpg.exceptions.InvalidCatalogNameError: database "sico_grc_test" does not exist

The above exception was the direct cause of the following exception:
E   asyncpg.exceptions.InvalidCatalogNameError: database "sico_grc_test" does not exist
C:\Projects\sico_grc\sanadcom\.venv\Lib\site-packages\asyncpg\connect_utils.py:934: asyncpg.exceptions.InvalidCatalogNameError: database "sico_grc_test" does not exist
  + Exception Group Traceback (most recent call last):
  |   File "C:\Projects\sico_grc\sanadcom\.venv\Lib\site-packages\starlette\_utils.py", line 81, in collapse_excgroups
  |     yield
  |   File "C:\Projects\sico_grc\sanadcom\.venv\Lib\site-packages\starlette\middleware\base.py", line 192, in __call__
  |     async with anyio.create_task_group() as task_group:
  |   File "c:\Projects\sico_grc\sanadcom\.venv\Lib\site-packages\anyio\_backends\_asyncio.py", line 783, in __aexit__
  |     raise BaseExceptionGroup(
  | ExceptionGroup: unhandled errors in a TaskGroup (1 sub-exception)
  +-+---------------- 1 ----------------
    | Traceback (most recent call last):
    |   File "C:\Projects\sico_grc\sanadcom\.venv\Lib\site-packages\_pytest\runner.py", line 353, in from_call
    |     result: TResult | None = func()
    |                              ^^^^^^
    |   File "C:\Projects\sico_grc\sanadcom\.venv\Lib\site-packages\_pytest\runner.py", line 245, in <lambda>
    |     lambda: runtest_hook(item=item, **kwds),
    |             ^^^^^^^^^^^^^^^^^^^^^^^^^^^^^^^
    |   File "C:\Projects\sico_grc\sanadcom\.venv\Lib\site-packages\pluggy\_hooks.py", line 512, in __call__
    |     return self._hookexec(self.name, self._hookimpls.copy(), kwargs, firstresult)
    |            ^^^^^^^^^^^^^^^^^^^^^^^^^^^^^^^^^^^^^^^^^^^^^^^^^^^^^^^^^^^^^^^^^^^^^^
    |   File "C:\Projects\sico_grc\sanadcom\.venv\Lib\site-packages\pluggy\_manager.py", line 120, in _hookexec
    |     return self._inner_hookexec(hook_name, methods, kwargs, firstresult)
    |            ^^^^^^^^^^^^^^^^^^^^^^^^^^^^^^^^^^^^^^^^^^^^^^^^^^^^^^^^^^^^^
    |   File "C:\Projects\sico_grc\sanadcom\.venv\Lib\site-packages\pluggy\_callers.py", line 167, in _multicall
    |     raise exception
    |   File "C:\Projects\sico_grc\sanadcom\.venv\Lib\site-packages\pluggy\_callers.py", line 139, in _multicall
    |     teardown.throw(exception)
    |   File "C:\Projects\sico_grc\sanadcom\.venv\Lib\site-packages\_pytest\logging.py", line 850, in pytest_runtest_call
    |     yield
    |   File "C:\Projects\sico_grc\sanadcom\.venv\Lib\site-packages\pluggy\_callers.py", line 139, in _multicall
    |     teardown.throw(exception)
    |   File "C:\Projects\sico_grc\sanadcom\.venv\Lib\site-packages\_pytest\capture.py", line 900, in pytest_runtest_call
    |     return (yield)
    |             ^^^^^
    |   File "C:\Projects\sico_grc\sanadcom\.venv\Lib\site-packages\pluggy\_callers.py", line 139, in _multicall
    |     teardown.throw(exception)
    |   File "C:\Projects\sico_grc\sanadcom\.venv\Lib\site-packages\pluggy\_callers.py", line 53, in run_old_style_hookwrapper
    |     return result.get_result()
    |            ^^^^^^^^^^^^^^^^^^^
    |   File "C:\Projects\sico_grc\sanadcom\.venv\Lib\site-packages\pluggy\_result.py", line 103, in get_result
    |     raise exc.with_traceback(tb)
    |   File "C:\Projects\sico_grc\sanadcom\.venv\Lib\site-packages\pluggy\_callers.py", line 38, in run_old_style_hookwrapper
    |     res = yield
    |           ^^^^^
    |   File "C:\Projects\sico_grc\sanadcom\.venv\Lib\site-packages\pluggy\_callers.py", line 139, in _multicall
    |     teardown.throw(exception)
    |   File "C:\Projects\sico_grc\sanadcom\.venv\Lib\site-packages\_pytest\skipping.py", line 268, in pytest_runtest_call
    |     return (yield)
    |             ^^^^^
    |   File "C:\Projects\sico_grc\sanadcom\.venv\Lib\site-packages\pluggy\_callers.py", line 121, in _multicall
    |     res = hook_impl.function(*args)
    |           ^^^^^^^^^^^^^^^^^^^^^^^^^
    |   File "C:\Projects\sico_grc\sanadcom\.venv\Lib\site-packages\_pytest\runner.py", line 179, in pytest_runtest_call
    |     item.runtest()
    |   File "c:\Projects\sico_grc\sanadcom\.venv\Lib\site-packages\pytest_asyncio\plugin.py", line 469, in runtest
    |     super().runtest()
    |   File "C:\Projects\sico_grc\sanadcom\.venv\Lib\site-packages\_pytest\python.py", line 1720, in runtest
    |     self.ihook.pytest_pyfunc_call(pyfuncitem=self)
    |   File "C:\Projects\sico_grc\sanadcom\.venv\Lib\site-packages\pluggy\_hooks.py", line 512, in __call__
    |     return self._hookexec(self.name, self._hookimpls.copy(), kwargs, firstresult)
    |            ^^^^^^^^^^^^^^^^^^^^^^^^^^^^^^^^^^^^^^^^^^^^^^^^^^^^^^^^^^^^^^^^^^^^^^
    |   File "C:\Projects\sico_grc\sanadcom\.venv\Lib\site-packages\pluggy\_manager.py", line 120, in _hookexec
    |     return self._inner_hookexec(hook_name, methods, kwargs, firstresult)
    |            ^^^^^^^^^^^^^^^^^^^^^^^^^^^^^^^^^^^^^^^^^^^^^^^^^^^^^^^^^^^^^
    |   File "C:\Projects\sico_grc\sanadcom\.venv\Lib\site-packages\pluggy\_callers.py", line 167, in _multicall
    |     raise exception
    |   File "C:\Projects\sico_grc\sanadcom\.venv\Lib\site-packages\pluggy\_callers.py", line 139, in _multicall
    |     teardown.throw(exception)
    |   File "C:\Projects\sico_grc\sanadcom\.venv\Lib\site-packages\pluggy\_callers.py", line 53, in run_old_style_hookwrapper
    |     return result.get_result()
    |            ^^^^^^^^^^^^^^^^^^^
    |   File "C:\Projects\sico_grc\sanadcom\.venv\Lib\site-packages\pluggy\_result.py", line 103, in get_result
    |     raise exc.with_traceback(tb)
    |   File "C:\Projects\sico_grc\sanadcom\.venv\Lib\site-packages\pluggy\_callers.py", line 38, in run_old_style_hookwrapper
    |     res = yield
    |           ^^^^^
    |   File "C:\Projects\sico_grc\sanadcom\.venv\Lib\site-packages\pluggy\_callers.py", line 121, in _multicall
    |     res = hook_impl.function(*args)
    |           ^^^^^^^^^^^^^^^^^^^^^^^^^
    |   File "C:\Projects\sico_grc\sanadcom\.venv\Lib\site-packages\_pytest\python.py", line 166, in pytest_pyfunc_call
    |     result = testfunction(**testargs)
    |              ^^^^^^^^^^^^^^^^^^^^^^^^
    |   File "c:\Projects\sico_grc\sanadcom\.venv\Lib\site-packages\pytest_asyncio\plugin.py", line 716, in inner
    |     runner.run(coro, context=context)
    |   File "C:\Users\Shahd\AppData\Local\Programs\Python\Python311\Lib\asyncio\runners.py", line 118, in run
    |     return self._loop.run_until_complete(task)
    |            ^^^^^^^^^^^^^^^^^^^^^^^^^^^^^^^^^^^
    |   File "C:\Users\Shahd\AppData\Local\Programs\Python\Python311\Lib\asyncio\base_events.py", line 654, in run_until_complete
    |     return future.result()
    |            ^^^^^^^^^^^^^^^
    |   File "C:\Projects\sico_grc\sanadcom\tests\backend\test_evidence.py", line 48, in test_list_evidence
    |     response = await client.get("/api/v1/evidence?control_id=ECC-GV-1")
    |                ^^^^^^^^^^^^^^^^^^^^^^^^^^^^^^^^^^^^^^^^^^^^^^^^^^^^^^^^
    |   File "C:\Projects\sico_grc\sanadcom\.venv\Lib\site-packages\httpx\_client.py", line 1768, in get
    |     return await self.request(
    |            ^^^^^^^^^^^^^^^^^^^
    |   File "C:\Projects\sico_grc\sanadcom\.venv\Lib\site-packages\httpx\_client.py", line 1540, in request
    |     return await self.send(request, auth=auth, follow_redirects=follow_redirects)
    |            ^^^^^^^^^^^^^^^^^^^^^^^^^^^^^^^^^^^^^^^^^^^^^^^^^^^^^^^^^^^^^^^^^^^^^^
    |   File "C:\Projects\sico_grc\sanadcom\.venv\Lib\site-packages\httpx\_client.py", line 1629, in send
    |     response = await self._send_handling_auth(
    |                ^^^^^^^^^^^^^^^^^^^^^^^^^^^^^^^
    |   File "C:\Projects\sico_grc\sanadcom\.venv\Lib\site-packages\httpx\_client.py", line 1657, in _send_handling_auth
    |     response = await self._send_handling_redirects(
    |                ^^^^^^^^^^^^^^^^^^^^^^^^^^^^^^^^^^^^
    |   File "C:\Projects\sico_grc\sanadcom\.venv\Lib\site-packages\httpx\_client.py", line 1694, in _send_handling_redirects
    |     response = await self._send_single_request(request)
    |                ^^^^^^^^^^^^^^^^^^^^^^^^^^^^^^^^^^^^^^^^
    |   File "C:\Projects\sico_grc\sanadcom\.venv\Lib\site-packages\httpx\_client.py", line 1730, in _send_single_request
    |     response = await transport.handle_async_request(request)
    |                ^^^^^^^^^^^^^^^^^^^^^^^^^^^^^^^^^^^^^^^^^^^^^
    |   File "C:\Projects\sico_grc\sanadcom\.venv\Lib\site-packages\httpx\_transports\asgi.py", line 170, in handle_async_request
    |     await self.app(scope, receive, send)
    |   File "C:\Projects\sico_grc\sanadcom\.venv\Lib\site-packages\fastapi\applications.py", line 1134, in __call__
    |     await super().__call__(scope, receive, send)
    |   File "C:\Projects\sico_grc\sanadcom\.venv\Lib\site-packages\starlette\applications.py", line 107, in __call__
    |     await self.middleware_stack(scope, receive, send)
    |   File "C:\Projects\sico_grc\sanadcom\.venv\Lib\site-packages\starlette\middleware\errors.py", line 186, in __call__
    |     raise exc
    |   File "C:\Projects\sico_grc\sanadcom\.venv\Lib\site-packages\starlette\middleware\errors.py", line 164, in __call__
    |     await self.app(scope, receive, _send)
    |   File "C:\Projects\sico_grc\sanadcom\.venv\Lib\site-packages\starlette\middleware\cors.py", line 87, in __call__
    |     await self.app(scope, receive, send)
    |   File "C:\Projects\sico_grc\sanadcom\.venv\Lib\site-packages\starlette\middleware\base.py", line 191, in __call__
    |     with recv_stream, send_stream, collapse_excgroups():
    |   File "C:\Users\Shahd\AppData\Local\Programs\Python\Python311\Lib\contextlib.py", line 158, in __exit__
    |     self.gen.throw(typ, value, traceback)
    |   File "C:\Projects\sico_grc\sanadcom\.venv\Lib\site-packages\starlette\_utils.py", line 87, in collapse_excgroups
    |     raise exc
    |   File "C:\Projects\sico_grc\sanadcom\.venv\Lib\site-packages\starlette\middleware\base.py", line 193, in __call__
    |     response = await self.dispatch_func(request, call_next)
    |                ^^^^^^^^^^^^^^^^^^^^^^^^^^^^^^^^^^^^^^^^^^^^
    |   File "C:\Projects\sico_grc\sanadcom\src\backend\core\security_middleware.py", line 228, in dispatch
    |     return await call_next(request)
    |            ^^^^^^^^^^^^^^^^^^^^^^^^
    |   File "C:\Projects\sico_grc\sanadcom\.venv\Lib\site-packages\starlette\middleware\base.py", line 168, in call_next
    |     raise app_exc from app_exc.__cause__ or app_exc.__context__
    |   File "C:\Projects\sico_grc\sanadcom\.venv\Lib\site-packages\starlette\middleware\base.py", line 144, in coro
    |     await self.app(scope, receive_or_disconnect, send_no_error)
    |   File "C:\Projects\sico_grc\sanadcom\.venv\Lib\site-packages\starlette\middleware\base.py", line 191, in __call__
    |     with recv_stream, send_stream, collapse_excgroups():
    |   File "C:\Users\Shahd\AppData\Local\Programs\Python\Python311\Lib\contextlib.py", line 158, in __exit__
    |     self.gen.throw(typ, value, traceback)
    |   File "C:\Projects\sico_grc\sanadcom\.venv\Lib\site-packages\starlette\_utils.py", line 87, in collapse_excgroups
    |     raise exc
    |   File "C:\Projects\sico_grc\sanadcom\.venv\Lib\site-packages\starlette\middleware\base.py", line 193, in __call__
    |     response = await self.dispatch_func(request, call_next)
    |                ^^^^^^^^^^^^^^^^^^^^^^^^^^^^^^^^^^^^^^^^^^^^
    |   File "C:\Projects\sico_grc\sanadcom\src\backend\core\security_middleware.py", line 152, in dispatch
    |     response = await call_next(request)
    |                ^^^^^^^^^^^^^^^^^^^^^^^^
    |   File "C:\Projects\sico_grc\sanadcom\.venv\Lib\site-packages\starlette\middleware\base.py", line 168, in call_next
    |     raise app_exc from app_exc.__cause__ or app_exc.__context__
    |   File "C:\Projects\sico_grc\sanadcom\.venv\Lib\site-packages\starlette\middleware\base.py", line 144, in coro
    |     await self.app(scope, receive_or_disconnect, send_no_error)
    |   File "C:\Projects\sico_grc\sanadcom\.venv\Lib\site-packages\starlette\middleware\base.py", line 191, in __call__
    |     with recv_stream, send_stream, collapse_excgroups():
    |   File "C:\Users\Shahd\AppData\Local\Programs\Python\Python311\Lib\contextlib.py", line 158, in __exit__
    |     self.gen.throw(typ, value, traceback)
    |   File "C:\Projects\sico_grc\sanadcom\.venv\Lib\site-packages\starlette\_utils.py", line 87, in collapse_excgroups
    |     raise exc
    |   File "C:\Projects\sico_grc\sanadcom\.venv\Lib\site-packages\starlette\middleware\base.py", line 193, in __call__
    |     response = await self.dispatch_func(request, call_next)
    |                ^^^^^^^^^^^^^^^^^^^^^^^^^^^^^^^^^^^^^^^^^^^^
    |   File "C:\Projects\sico_grc\sanadcom\src\backend\core\security_middleware.py", line 92, in dispatch
    |     return await call_next(request)
    |            ^^^^^^^^^^^^^^^^^^^^^^^^
    |   File "C:\Projects\sico_grc\sanadcom\.venv\Lib\site-packages\starlette\middleware\base.py", line 168, in call_next
    |     raise app_exc from app_exc.__cause__ or app_exc.__context__
    |   File "C:\Projects\sico_grc\sanadcom\.venv\Lib\site-packages\starlette\middleware\base.py", line 144, in coro
    |     await self.app(scope, receive_or_disconnect, send_no_error)
    |   File "C:\Projects\sico_grc\sanadcom\.venv\Lib\site-packages\starlette\middleware\base.py", line 191, in __call__
    |     with recv_stream, send_stream, collapse_excgroups():
    |   File "C:\Users\Shahd\AppData\Local\Programs\Python\Python311\Lib\contextlib.py", line 158, in __exit__
    |     self.gen.throw(typ, value, traceback)
    |   File "C:\Projects\sico_grc\sanadcom\.venv\Lib\site-packages\starlette\_utils.py", line 87, in collapse_excgroups
    |     raise exc
    |   File "C:\Projects\sico_grc\sanadcom\.venv\Lib\site-packages\starlette\middleware\base.py", line 193, in __call__
    |     response = await self.dispatch_func(request, call_next)
    |                ^^^^^^^^^^^^^^^^^^^^^^^^^^^^^^^^^^^^^^^^^^^^
    |   File "C:\Projects\sico_grc\sanadcom\src\backend\core\security_middleware.py", line 39, in dispatch
    |     response = await call_next(request)
    |                ^^^^^^^^^^^^^^^^^^^^^^^^
    |   File "C:\Projects\sico_grc\sanadcom\.venv\Lib\site-packages\starlette\middleware\base.py", line 168, in call_next
    |     raise app_exc from app_exc.__cause__ or app_exc.__context__
    |   File "C:\Projects\sico_grc\sanadcom\.venv\Lib\site-packages\starlette\middleware\base.py", line 144, in coro
    |     await self.app(scope, receive_or_disconnect, send_no_error)
    |   File "C:\Projects\sico_grc\sanadcom\.venv\Lib\site-packages\starlette\middleware\trustedhost.py", line 36, in __call__
    |     await self.app(scope, receive, send)
    |   File "C:\Projects\sico_grc\sanadcom\.venv\Lib\site-packages\starlette\middleware\exceptions.py", line 63, in __call__
    |     await wrap_app_handling_exceptions(self.app, conn)(scope, receive, send)
    |   File "C:\Projects\sico_grc\sanadcom\.venv\Lib\site-packages\starlette\_exception_handler.py", line 53, in wrapped_app
    |     raise exc
    |   File "C:\Projects\sico_grc\sanadcom\.venv\Lib\site-packages\starlette\_exception_handler.py", line 42, in wrapped_app
    |     await app(scope, receive, sender)
    |   File "C:\Projects\sico_grc\sanadcom\.venv\Lib\site-packages\fastapi\middleware\asyncexitstack.py", line 18, in __call__
    |     await self.app(scope, receive, send)
    |   File "C:\Projects\sico_grc\sanadcom\.venv\Lib\site-packages\starlette\routing.py", line 716, in __call__
    |     await self.middleware_stack(scope, receive, send)
    |   File "C:\Projects\sico_grc\sanadcom\.venv\Lib\site-packages\starlette\routing.py", line 736, in app
    |     await route.handle(scope, receive, send)
    |   File "C:\Projects\sico_grc\sanadcom\.venv\Lib\site-packages\starlette\routing.py", line 290, in handle
    |     await self.app(scope, receive, send)
    |   File "C:\Projects\sico_grc\sanadcom\.venv\Lib\site-packages\fastapi\routing.py", line 119, in app
    |     await wrap_app_handling_exceptions(app, request)(scope, receive, send)
    |   File "C:\Projects\sico_grc\sanadcom\.venv\Lib\site-packages\starlette\_exception_handler.py", line 53, in wrapped_app
    |     raise exc
    |   File "C:\Projects\sico_grc\sanadcom\.venv\Lib\site-packages\starlette\_exception_handler.py", line 42, in wrapped_app
    |     await app(scope, receive, sender)
    |   File "C:\Projects\sico_grc\sanadcom\.venv\Lib\site-packages\fastapi\routing.py", line 105, in app
    |     response = await f(request)
    |                ^^^^^^^^^^^^^^^^
    |   File "C:\Projects\sico_grc\sanadcom\.venv\Lib\site-packages\fastapi\routing.py", line 424, in app
    |     raw_response = await run_endpoint_function(
    |                    ^^^^^^^^^^^^^^^^^^^^^^^^^^^^
    |   File "C:\Projects\sico_grc\sanadcom\.venv\Lib\site-packages\fastapi\routing.py", line 312, in run_endpoint_function
    |     return await dependant.call(**values)
    |            ^^^^^^^^^^^^^^^^^^^^^^^^^^^^^^
    |   File "C:\Projects\sico_grc\sanadcom\src\backend\evidence\router.py", line 61, in list_evidence
    |     total = await db.scalar(count_query)
    |             ^^^^^^^^^^^^^^^^^^^^^^^^^^^^
    |   File "C:\Projects\sico_grc\sanadcom\.venv\Lib\site-packages\sqlalchemy\ext\asyncio\session.py", line 517, in scalar
    |     return await greenlet_spawn(
    |            ^^^^^^^^^^^^^^^^^^^^^
    |   File "C:\Projects\sico_grc\sanadcom\.venv\Lib\site-packages\sqlalchemy\util\_concurrency_py3k.py", line 201, in greenlet_spawn
    |     result = context.throw(*sys.exc_info())
    |              ^^^^^^^^^^^^^^^^^^^^^^^^^^^^^^
    |   File "C:\Projects\sico_grc\sanadcom\.venv\Lib\site-packages\sqlalchemy\orm\session.py", line 2410, in scalar
    |     return self._execute_internal(
    |            ^^^^^^^^^^^^^^^^^^^^^^^
    |   File "C:\Projects\sico_grc\sanadcom\.venv\Lib\site-packages\sqlalchemy\orm\session.py", line 2237, in _execute_internal
    |     conn = self._connection_for_bind(bind)
    |            ^^^^^^^^^^^^^^^^^^^^^^^^^^^^^^^
    |   File "C:\Projects\sico_grc\sanadcom\.venv\Lib\site-packages\sqlalchemy\orm\session.py", line 2106, in _connection_for_bind
    |     return trans._connection_for_bind(engine, execution_options)
    |            ^^^^^^^^^^^^^^^^^^^^^^^^^^^^^^^^^^^^^^^^^^^^^^^^^^^^^
    |   File "<string>", line 2, in _connection_for_bind
    |   File "C:\Projects\sico_grc\sanadcom\.venv\Lib\site-packages\sqlalchemy\orm\state_changes.py", line 139, in _go
    |     ret_value = fn(self, *arg, **kw)
    |                 ^^^^^^^^^^^^^^^^^^^^
    |   File "C:\Projects\sico_grc\sanadcom\.venv\Lib\site-packages\sqlalchemy\orm\session.py", line 1189, in _connection_for_bind
    |     conn = bind.connect()
    |            ^^^^^^^^^^^^^^
    |   File "C:\Projects\sico_grc\sanadcom\.venv\Lib\site-packages\sqlalchemy\engine\base.py", line 3278, in connect
    |     return self._connection_cls(self)
    |            ^^^^^^^^^^^^^^^^^^^^^^^^^^
    |   File "C:\Projects\sico_grc\sanadcom\.venv\Lib\site-packages\sqlalchemy\engine\base.py", line 146, in __init__
    |     self._dbapi_connection = engine.raw_connection()
    |                              ^^^^^^^^^^^^^^^^^^^^^^^
    |   File "C:\Projects\sico_grc\sanadcom\.venv\Lib\site-packages\sqlalchemy\engine\base.py", line 3302, in raw_connection
    |     return self.pool.connect()
    |            ^^^^^^^^^^^^^^^^^^^
    |   File "C:\Projects\sico_grc\sanadcom\.venv\Lib\site-packages\sqlalchemy\pool\base.py", line 449, in connect
    |     return _ConnectionFairy._checkout(self)
    |            ^^^^^^^^^^^^^^^^^^^^^^^^^^^^^^^^
    |   File "C:\Projects\sico_grc\sanadcom\.venv\Lib\site-packages\sqlalchemy\pool\base.py", line 1263, in _checkout
    |     fairy = _ConnectionRecord.checkout(pool)
    |             ^^^^^^^^^^^^^^^^^^^^^^^^^^^^^^^^
    |   File "C:\Projects\sico_grc\sanadcom\.venv\Lib\site-packages\sqlalchemy\pool\base.py", line 712, in checkout
    |     rec = pool._do_get()
    |           ^^^^^^^^^^^^^^
    |   File "C:\Projects\sico_grc\sanadcom\.venv\Lib\site-packages\sqlalchemy\pool\impl.py", line 308, in _do_get
    |     return self._create_connection()
    |            ^^^^^^^^^^^^^^^^^^^^^^^^^
    |   File "C:\Projects\sico_grc\sanadcom\.venv\Lib\site-packages\sqlalchemy\pool\base.py", line 390, in _create_connection
    |     return _ConnectionRecord(self)
    |            ^^^^^^^^^^^^^^^^^^^^^^^
    |   File "C:\Projects\sico_grc\sanadcom\.venv\Lib\site-packages\sqlalchemy\pool\base.py", line 674, in __init__
    |     self.__connect()
    |   File "C:\Projects\sico_grc\sanadcom\.venv\Lib\site-packages\sqlalchemy\pool\base.py", line 900, in __connect
    |     with util.safe_reraise():
    |   File "C:\Projects\sico_grc\sanadcom\.venv\Lib\site-packages\sqlalchemy\util\langhelpers.py", line 146, in __exit__
    |     raise exc_value.with_traceback(exc_tb)
    |   File "C:\Projects\sico_grc\sanadcom\.venv\Lib\site-packages\sqlalchemy\pool\base.py", line 896, in __connect
    |     self.dbapi_connection = connection = pool._invoke_creator(self)
    |                                          ^^^^^^^^^^^^^^^^^^^^^^^^^^
    |   File "C:\Projects\sico_grc\sanadcom\.venv\Lib\site-packages\sqlalchemy\engine\create.py", line 643, in connect
    |     return dialect.connect(*cargs, **cparams)
    |            ^^^^^^^^^^^^^^^^^^^^^^^^^^^^^^^^^^
    |   File "C:\Projects\sico_grc\sanadcom\.venv\Lib\site-packages\sqlalchemy\engine\default.py", line 621, in connect
    |     return self.loaded_dbapi.connect(*cargs, **cparams)
    |            ^^^^^^^^^^^^^^^^^^^^^^^^^^^^^^^^^^^^^^^^^^^^
    |   File "C:\Projects\sico_grc\sanadcom\.venv\Lib\site-packages\sqlalchemy\dialects\postgresql\asyncpg.py", line 949, in connect
    |     await_only(creator_fn(*arg, **kw)),
    |     ^^^^^^^^^^^^^^^^^^^^^^^^^^^^^^^^^^
    |   File "C:\Projects\sico_grc\sanadcom\.venv\Lib\site-packages\sqlalchemy\util\_concurrency_py3k.py", line 132, in await_only
    |     return current.parent.switch(awaitable)  # type: ignore[no-any-return,attr-defined] # noqa: E501
    |            ^^^^^^^^^^^^^^^^^^^^^^^^^^^^^^^^
    |   File "C:\Projects\sico_grc\sanadcom\.venv\Lib\site-packages\sqlalchemy\util\_concurrency_py3k.py", line 196, in greenlet_spawn
    |     value = await result
    |             ^^^^^^^^^^^^
    |   File "C:\Projects\sico_grc\sanadcom\.venv\Lib\site-packages\asyncpg\connection.py", line 2421, in connect
    |     return await connect_utils._connect(
    |            ^^^^^^^^^^^^^^^^^^^^^^^^^^^^^
    |   File "C:\Projects\sico_grc\sanadcom\.venv\Lib\site-packages\asyncpg\connect_utils.py", line 1049, in _connect
    |     conn = await _connect_addr(
    |            ^^^^^^^^^^^^^^^^^^^^
    |   File "C:\Projects\sico_grc\sanadcom\.venv\Lib\site-packages\asyncpg\connect_utils.py", line 886, in _connect_addr
    |     return await __connect_addr(params, True, *args)
    |            ^^^^^^^^^^^^^^^^^^^^^^^^^^^^^^^^^^^^^^^^^
    |   File "C:\Projects\sico_grc\sanadcom\.venv\Lib\site-packages\asyncpg\connect_utils.py", line 934, in __connect_addr
    |     await connected
    | asyncpg.exceptions.InvalidCatalogNameError: database "sico_grc_test" does not exist
    +------------------------------------

The above exception was the direct cause of the following exception:

Traceback (most recent call last):
  File "C:\Projects\sico_grc\sanadcom\tests\backend\test_evidence.py", line 48, in test_list_evidence
    response = await client.get("/api/v1/evidence?control_id=ECC-GV-1")
               ^^^^^^^^^^^^^^^^^^^^^^^^^^^^^^^^^^^^^^^^^^^^^^^^^^^^^^^^
  File "C:\Projects\sico_grc\sanadcom\.venv\Lib\site-packages\httpx\_client.py", line 1768, in get
    return await self.request(
           ^^^^^^^^^^^^^^^^^^^
  File "C:\Projects\sico_grc\sanadcom\.venv\Lib\site-packages\httpx\_client.py", line 1540, in request
    return await self.send(request, auth=auth, follow_redirects=follow_redirects)
           ^^^^^^^^^^^^^^^^^^^^^^^^^^^^^^^^^^^^^^^^^^^^^^^^^^^^^^^^^^^^^^^^^^^^^^
  File "C:\Projects\sico_grc\sanadcom\.venv\Lib\site-packages\httpx\_client.py", line 1629, in send
    response = await self._send_handling_auth(
               ^^^^^^^^^^^^^^^^^^^^^^^^^^^^^^^
  File "C:\Projects\sico_grc\sanadcom\.venv\Lib\site-packages\httpx\_client.py", line 1657, in _send_handling_auth
    response = await self._send_handling_redirects(
               ^^^^^^^^^^^^^^^^^^^^^^^^^^^^^^^^^^^^
  File "C:\Projects\sico_grc\sanadcom\.venv\Lib\site-packages\httpx\_client.py", line 1694, in _send_handling_redirects
    response = await self._send_single_request(request)
               ^^^^^^^^^^^^^^^^^^^^^^^^^^^^^^^^^^^^^^^^
  File "C:\Projects\sico_grc\sanadcom\.venv\Lib\site-packages\httpx\_client.py", line 1730, in _send_single_request
    response = await transport.handle_async_request(request)
               ^^^^^^^^^^^^^^^^^^^^^^^^^^^^^^^^^^^^^^^^^^^^^
  File "C:\Projects\sico_grc\sanadcom\.venv\Lib\site-packages\httpx\_transports\asgi.py", line 170, in handle_async_request
    await self.app(scope, receive, send)
  File "C:\Projects\sico_grc\sanadcom\.venv\Lib\site-packages\fastapi\applications.py", line 1134, in __call__
    await super().__call__(scope, receive, send)
  File "C:\Projects\sico_grc\sanadcom\.venv\Lib\site-packages\starlette\applications.py", line 107, in __call__
    await self.middleware_stack(scope, receive, send)
  File "C:\Projects\sico_grc\sanadcom\.venv\Lib\site-packages\starlette\middleware\errors.py", line 186, in __call__
    raise exc
  File "C:\Projects\sico_grc\sanadcom\.venv\Lib\site-packages\starlette\middleware\errors.py", line 164, in __call__
    await self.app(scope, receive, _send)
  File "C:\Projects\sico_grc\sanadcom\.venv\Lib\site-packages\starlette\middleware\cors.py", line 87, in __call__
    await self.app(scope, receive, send)
  File "C:\Projects\sico_grc\sanadcom\.venv\Lib\site-packages\starlette\middleware\base.py", line 191, in __call__
    with recv_stream, send_stream, collapse_excgroups():
  File "C:\Users\Shahd\AppData\Local\Programs\Python\Python311\Lib\contextlib.py", line 158, in __exit__
    self.gen.throw(typ, value, traceback)
  File "C:\Projects\sico_grc\sanadcom\.venv\Lib\site-packages\starlette\_utils.py", line 87, in collapse_excgroups
    raise exc
  File "C:\Projects\sico_grc\sanadcom\.venv\Lib\site-packages\starlette\middleware\base.py", line 193, in __call__
    response = await self.dispatch_func(request, call_next)
               ^^^^^^^^^^^^^^^^^^^^^^^^^^^^^^^^^^^^^^^^^^^^
  File "C:\Projects\sico_grc\sanadcom\src\backend\core\security_middleware.py", line 228, in dispatch
    return await call_next(request)
           ^^^^^^^^^^^^^^^^^^^^^^^^
  File "C:\Projects\sico_grc\sanadcom\.venv\Lib\site-packages\starlette\middleware\base.py", line 168, in call_next
    raise app_exc from app_exc.__cause__ or app_exc.__context__
  File "C:\Projects\sico_grc\sanadcom\.venv\Lib\site-packages\starlette\middleware\base.py", line 144, in coro
    await self.app(scope, receive_or_disconnect, send_no_error)
  File "C:\Projects\sico_grc\sanadcom\.venv\Lib\site-packages\starlette\middleware\base.py", line 191, in __call__
    with recv_stream, send_stream, collapse_excgroups():
  File "C:\Users\Shahd\AppData\Local\Programs\Python\Python311\Lib\contextlib.py", line 158, in __exit__
    self.gen.throw(typ, value, traceback)
  File "C:\Projects\sico_grc\sanadcom\.venv\Lib\site-packages\starlette\_utils.py", line 87, in collapse_excgroups
    raise exc
  File "C:\Projects\sico_grc\sanadcom\.venv\Lib\site-packages\starlette\middleware\base.py", line 193, in __call__
    response = await self.dispatch_func(request, call_next)
               ^^^^^^^^^^^^^^^^^^^^^^^^^^^^^^^^^^^^^^^^^^^^
  File "C:\Projects\sico_grc\sanadcom\src\backend\core\security_middleware.py", line 152, in dispatch
    response = await call_next(request)
               ^^^^^^^^^^^^^^^^^^^^^^^^
  File "C:\Projects\sico_grc\sanadcom\.venv\Lib\site-packages\starlette\middleware\base.py", line 168, in call_next
    raise app_exc from app_exc.__cause__ or app_exc.__context__
  File "C:\Projects\sico_grc\sanadcom\.venv\Lib\site-packages\starlette\middleware\base.py", line 144, in coro
    await self.app(scope, receive_or_disconnect, send_no_error)
  File "C:\Projects\sico_grc\sanadcom\.venv\Lib\site-packages\starlette\middleware\base.py", line 191, in __call__
    with recv_stream, send_stream, collapse_excgroups():
  File "C:\Users\Shahd\AppData\Local\Programs\Python\Python311\Lib\contextlib.py", line 158, in __exit__
    self.gen.throw(typ, value, traceback)
  File "C:\Projects\sico_grc\sanadcom\.venv\Lib\site-packages\starlette\_utils.py", line 87, in collapse_excgroups
    raise exc
  File "C:\Projects\sico_grc\sanadcom\.venv\Lib\site-packages\starlette\middleware\base.py", line 193, in __call__
    response = await self.dispatch_func(request, call_next)
               ^^^^^^^^^^^^^^^^^^^^^^^^^^^^^^^^^^^^^^^^^^^^
  File "C:\Projects\sico_grc\sanadcom\src\backend\core\security_middleware.py", line 92, in dispatch
    return await call_next(request)
           ^^^^^^^^^^^^^^^^^^^^^^^^
  File "C:\Projects\sico_grc\sanadcom\.venv\Lib\site-packages\starlette\middleware\base.py", line 168, in call_next
    raise app_exc from app_exc.__cause__ or app_exc.__context__
  File "C:\Projects\sico_grc\sanadcom\.venv\Lib\site-packages\starlette\middleware\base.py", line 144, in coro
    await self.app(scope, receive_or_disconnect, send_no_error)
  File "C:\Projects\sico_grc\sanadcom\.venv\Lib\site-packages\starlette\middleware\base.py", line 191, in __call__
    with recv_stream, send_stream, collapse_excgroups():
  File "C:\Users\Shahd\AppData\Local\Programs\Python\Python311\Lib\contextlib.py", line 158, in __exit__
    self.gen.throw(typ, value, traceback)
  File "C:\Projects\sico_grc\sanadcom\.venv\Lib\site-packages\starlette\_utils.py", line 87, in collapse_excgroups
    raise exc
  File "C:\Projects\sico_grc\sanadcom\.venv\Lib\site-packages\starlette\middleware\base.py", line 193, in __call__
    response = await self.dispatch_func(request, call_next)
               ^^^^^^^^^^^^^^^^^^^^^^^^^^^^^^^^^^^^^^^^^^^^
  File "C:\Projects\sico_grc\sanadcom\src\backend\core\security_middleware.py", line 39, in dispatch
    response = await call_next(request)
               ^^^^^^^^^^^^^^^^^^^^^^^^
  File "C:\Projects\sico_grc\sanadcom\.venv\Lib\site-packages\starlette\middleware\base.py", line 168, in call_next
    raise app_exc from app_exc.__cause__ or app_exc.__context__
  File "C:\Projects\sico_grc\sanadcom\.venv\Lib\site-packages\starlette\middleware\base.py", line 144, in coro
    await self.app(scope, receive_or_disconnect, send_no_error)
  File "C:\Projects\sico_grc\sanadcom\.venv\Lib\site-packages\starlette\middleware\trustedhost.py", line 36, in __call__
    await self.app(scope, receive, send)
  File "C:\Projects\sico_grc\sanadcom\.venv\Lib\site-packages\starlette\middleware\exceptions.py", line 63, in __call__
    await wrap_app_handling_exceptions(self.app, conn)(scope, receive, send)
  File "C:\Projects\sico_grc\sanadcom\.venv\Lib\site-packages\starlette\_exception_handler.py", line 53, in wrapped_app
    raise exc
  File "C:\Projects\sico_grc\sanadcom\.venv\Lib\site-packages\starlette\_exception_handler.py", line 42, in wrapped_app
    await app(scope, receive, sender)
  File "C:\Projects\sico_grc\sanadcom\.venv\Lib\site-packages\fastapi\middleware\asyncexitstack.py", line 18, in __call__
    await self.app(scope, receive, send)
  File "C:\Projects\sico_grc\sanadcom\.venv\Lib\site-packages\starlette\routing.py", line 716, in __call__
    await self.middleware_stack(scope, receive, send)
  File "C:\Projects\sico_grc\sanadcom\.venv\Lib\site-packages\starlette\routing.py", line 736, in app
    await route.handle(scope, receive, send)
  File "C:\Projects\sico_grc\sanadcom\.venv\Lib\site-packages\starlette\routing.py", line 290, in handle
    await self.app(scope, receive, send)
  File "C:\Projects\sico_grc\sanadcom\.venv\Lib\site-packages\fastapi\routing.py", line 119, in app
    await wrap_app_handling_exceptions(app, request)(scope, receive, send)
  File "C:\Projects\sico_grc\sanadcom\.venv\Lib\site-packages\starlette\_exception_handler.py", line 53, in wrapped_app
    raise exc
  File "C:\Projects\sico_grc\sanadcom\.venv\Lib\site-packages\starlette\_exception_handler.py", line 42, in wrapped_app
    await app(scope, receive, sender)
  File "C:\Projects\sico_grc\sanadcom\.venv\Lib\site-packages\fastapi\routing.py", line 105, in app
    response = await f(request)
               ^^^^^^^^^^^^^^^^
  File "C:\Projects\sico_grc\sanadcom\.venv\Lib\site-packages\fastapi\routing.py", line 424, in app
    raw_response = await run_endpoint_function(
                   ^^^^^^^^^^^^^^^^^^^^^^^^^^^^
  File "C:\Projects\sico_grc\sanadcom\.venv\Lib\site-packages\fastapi\routing.py", line 312, in run_endpoint_function
    return await dependant.call(**values)
           ^^^^^^^^^^^^^^^^^^^^^^^^^^^^^^
  File "C:\Projects\sico_grc\sanadcom\src\backend\evidence\router.py", line 61, in list_evidence
    total = await db.scalar(count_query)
            ^^^^^^^^^^^^^^^^^^^^^^^^^^^^
  File "C:\Projects\sico_grc\sanadcom\.venv\Lib\site-packages\sqlalchemy\ext\asyncio\session.py", line 517, in scalar
    return await greenlet_spawn(
           ^^^^^^^^^^^^^^^^^^^^^
  File "C:\Projects\sico_grc\sanadcom\.venv\Lib\site-packages\sqlalchemy\util\_concurrency_py3k.py", line 201, in greenlet_spawn
    result = context.throw(*sys.exc_info())
             ^^^^^^^^^^^^^^^^^^^^^^^^^^^^^^
  File "C:\Projects\sico_grc\sanadcom\.venv\Lib\site-packages\sqlalchemy\orm\session.py", line 2410, in scalar
    return self._execute_internal(
           ^^^^^^^^^^^^^^^^^^^^^^^
  File "C:\Projects\sico_grc\sanadcom\.venv\Lib\site-packages\sqlalchemy\orm\session.py", line 2237, in _execute_internal
    conn = self._connection_for_bind(bind)
           ^^^^^^^^^^^^^^^^^^^^^^^^^^^^^^^
  File "C:\Projects\sico_grc\sanadcom\.venv\Lib\site-packages\sqlalchemy\orm\session.py", line 2106, in _connection_for_bind
    return trans._connection_for_bind(engine, execution_options)
           ^^^^^^^^^^^^^^^^^^^^^^^^^^^^^^^^^^^^^^^^^^^^^^^^^^^^^
  File "<string>", line 2, in _connection_for_bind
  File "C:\Projects\sico_grc\sanadcom\.venv\Lib\site-packages\sqlalchemy\orm\state_changes.py", line 139, in _go
    ret_value = fn(self, *arg, **kw)
                ^^^^^^^^^^^^^^^^^^^^
  File "C:\Projects\sico_grc\sanadcom\.venv\Lib\site-packages\sqlalchemy\orm\session.py", line 1189, in _connection_for_bind
    conn = bind.connect()
           ^^^^^^^^^^^^^^
  File "C:\Projects\sico_grc\sanadcom\.venv\Lib\site-packages\sqlalchemy\engine\base.py", line 3278, in connect
    return self._connection_cls(self)
           ^^^^^^^^^^^^^^^^^^^^^^^^^^
  File "C:\Projects\sico_grc\sanadcom\.venv\Lib\site-packages\sqlalchemy\engine\base.py", line 146, in __init__
    self._dbapi_connection = engine.raw_connection()
                             ^^^^^^^^^^^^^^^^^^^^^^^
  File "C:\Projects\sico_grc\sanadcom\.venv\Lib\site-packages\sqlalchemy\engine\base.py", line 3302, in raw_connection
    return self.pool.connect()
           ^^^^^^^^^^^^^^^^^^^
  File "C:\Projects\sico_grc\sanadcom\.venv\Lib\site-packages\sqlalchemy\pool\base.py", line 449, in connect
    return _ConnectionFairy._checkout(self)
           ^^^^^^^^^^^^^^^^^^^^^^^^^^^^^^^^
  File "C:\Projects\sico_grc\sanadcom\.venv\Lib\site-packages\sqlalchemy\pool\base.py", line 1263, in _checkout
    fairy = _ConnectionRecord.checkout(pool)
            ^^^^^^^^^^^^^^^^^^^^^^^^^^^^^^^^
  File "C:\Projects\sico_grc\sanadcom\.venv\Lib\site-packages\sqlalchemy\pool\base.py", line 712, in checkout
    rec = pool._do_get()
          ^^^^^^^^^^^^^^
  File "C:\Projects\sico_grc\sanadcom\.venv\Lib\site-packages\sqlalchemy\pool\impl.py", line 308, in _do_get
    return self._create_connection()
           ^^^^^^^^^^^^^^^^^^^^^^^^^
  File "C:\Projects\sico_grc\sanadcom\.venv\Lib\site-packages\sqlalchemy\pool\base.py", line 390, in _create_connection
    return _ConnectionRecord(self)
           ^^^^^^^^^^^^^^^^^^^^^^^
  File "C:\Projects\sico_grc\sanadcom\.venv\Lib\site-packages\sqlalchemy\pool\base.py", line 674, in __init__
    self.__connect()
  File "C:\Projects\sico_grc\sanadcom\.venv\Lib\site-packages\sqlalchemy\pool\base.py", line 900, in __connect
    with util.safe_reraise():
  File "C:\Projects\sico_grc\sanadcom\.venv\Lib\site-packages\sqlalchemy\util\langhelpers.py", line 146, in __exit__
    raise exc_value.with_traceback(exc_tb)
  File "C:\Projects\sico_grc\sanadcom\.venv\Lib\site-packages\sqlalchemy\pool\base.py", line 896, in __connect
    self.dbapi_connection = connection = pool._invoke_creator(self)
                                         ^^^^^^^^^^^^^^^^^^^^^^^^^^
  File "C:\Projects\sico_grc\sanadcom\.venv\Lib\site-packages\sqlalchemy\engine\create.py", line 643, in connect
    return dialect.connect(*cargs, **cparams)
           ^^^^^^^^^^^^^^^^^^^^^^^^^^^^^^^^^^
  File "C:\Projects\sico_grc\sanadcom\.venv\Lib\site-packages\sqlalchemy\engine\default.py", line 621, in connect
    return self.loaded_dbapi.connect(*cargs, **cparams)
           ^^^^^^^^^^^^^^^^^^^^^^^^^^^^^^^^^^^^^^^^^^^^
  File "C:\Projects\sico_grc\sanadcom\.venv\Lib\site-packages\sqlalchemy\dialects\postgresql\asyncpg.py", line 949, in connect
    await_only(creator_fn(*arg, **kw)),
    ^^^^^^^^^^^^^^^^^^^^^^^^^^^^^^^^^^
  File "C:\Projects\sico_grc\sanadcom\.venv\Lib\site-packages\sqlalchemy\util\_concurrency_py3k.py", line 132, in await_only
    return current.parent.switch(awaitable)  # type: ignore[no-any-return,attr-defined] # noqa: E501
           ^^^^^^^^^^^^^^^^^^^^^^^^^^^^^^^^
[...]
    raise self._exception
  File "c:\Projects\sico_grc\sanadcom\.venv\Lib\site-packages\anyio\from_thread.py", line 259, in _call_func
    retval = await retval_or_awaitable
             ^^^^^^^^^^^^^^^^^^^^^^^^^
  File "C:\Projects\sico_grc\sanadcom\.venv\Lib\site-packages\fastapi\applications.py", line 1134, in __call__
    await super().__call__(scope, receive, send)
  File "C:\Projects\sico_grc\sanadcom\.venv\Lib\site-packages\starlette\applications.py", line 107, in __call__
    await self.middleware_stack(scope, receive, send)
  File "C:\Projects\sico_grc\sanadcom\.venv\Lib\site-packages\starlette\middleware\errors.py", line 186, in __call__
    raise exc
  File "C:\Projects\sico_grc\sanadcom\.venv\Lib\site-packages\starlette\middleware\errors.py", line 164, in __call__
    await self.app(scope, receive, _send)
  File "C:\Projects\sico_grc\sanadcom\.venv\Lib\site-packages\starlette\middleware\cors.py", line 87, in __call__
    await self.app(scope, receive, send)
  File "C:\Projects\sico_grc\sanadcom\.venv\Lib\site-packages\starlette\middleware\base.py", line 191, in __call__
    with recv_stream, send_stream, collapse_excgroups():
  File "C:\Users\Shahd\AppData\Local\Programs\Python\Python311\Lib\contextlib.py", line 158, in __exit__
    self.gen.throw(typ, value, traceback)
  File "C:\Projects\sico_grc\sanadcom\.venv\Lib\site-packages\starlette\_utils.py", line 87, in collapse_excgroups
    raise exc
  File "C:\Projects\sico_grc\sanadcom\.venv\Lib\site-packages\starlette\middleware\base.py", line 193, in __call__
    response = await self.dispatch_func(request, call_next)
               ^^^^^^^^^^^^^^^^^^^^^^^^^^^^^^^^^^^^^^^^^^^^
  File "C:\Projects\sico_grc\sanadcom\src\backend\core\security_middleware.py", line 228, in dispatch
    return await call_next(request)
           ^^^^^^^^^^^^^^^^^^^^^^^^
  File "C:\Projects\sico_grc\sanadcom\.venv\Lib\site-packages\starlette\middleware\base.py", line 168, in call_next
    raise app_exc from app_exc.__cause__ or app_exc.__context__
  File "C:\Projects\sico_grc\sanadcom\.venv\Lib\site-packages\starlette\middleware\base.py", line 144, in coro
    await self.app(scope, receive_or_disconnect, send_no_error)
  File "C:\Projects\sico_grc\sanadcom\.venv\Lib\site-packages\starlette\middleware\base.py", line 191, in __call__
    with recv_stream, send_stream, collapse_excgroups():
  File "C:\Users\Shahd\AppData\Local\Programs\Python\Python311\Lib\contextlib.py", line 158, in __exit__
    self.gen.throw(typ, value, traceback)
  File "C:\Projects\sico_grc\sanadcom\.venv\Lib\site-packages\starlette\_utils.py", line 87, in collapse_excgroups
    raise exc
  File "C:\Projects\sico_grc\sanadcom\.venv\Lib\site-packages\starlette\middleware\base.py", line 193, in __call__
    response = await self.dispatch_func(request, call_next)
               ^^^^^^^^^^^^^^^^^^^^^^^^^^^^^^^^^^^^^^^^^^^^
  File "C:\Projects\sico_grc\sanadcom\src\backend\core\security_middleware.py", line 152, in dispatch
    response = await call_next(request)
               ^^^^^^^^^^^^^^^^^^^^^^^^
  File "C:\Projects\sico_grc\sanadcom\.venv\Lib\site-packages\starlette\middleware\base.py", line 168, in call_next
    raise app_exc from app_exc.__cause__ or app_exc.__context__
  File "C:\Projects\sico_grc\sanadcom\.venv\Lib\site-packages\starlette\middleware\base.py", line 144, in coro
    await self.app(scope, receive_or_disconnect, send_no_error)
  File "C:\Projects\sico_grc\sanadcom\.venv\Lib\site-packages\starlette\middleware\base.py", line 191, in __call__
    with recv_stream, send_stream, collapse_excgroups():
  File "C:\Users\Shahd\AppData\Local\Programs\Python\Python311\Lib\contextlib.py", line 158, in __exit__
    self.gen.throw(typ, value, traceback)
  File "C:\Projects\sico_grc\sanadcom\.venv\Lib\site-packages\starlette\_utils.py", line 87, in collapse_excgroups
    raise exc
  File "C:\Projects\sico_grc\sanadcom\.venv\Lib\site-packages\starlette\middleware\base.py", line 193, in __call__
    response = await self.dispatch_func(request, call_next)
               ^^^^^^^^^^^^^^^^^^^^^^^^^^^^^^^^^^^^^^^^^^^^
  File "C:\Projects\sico_grc\sanadcom\src\backend\core\security_middleware.py", line 92, in dispatch
    return await call_next(request)
           ^^^^^^^^^^^^^^^^^^^^^^^^
  File "C:\Projects\sico_grc\sanadcom\.venv\Lib\site-packages\starlette\middleware\base.py", line 168, in call_next
    raise app_exc from app_exc.__cause__ or app_exc.__context__
  File "C:\Projects\sico_grc\sanadcom\.venv\Lib\site-packages\starlette\middleware\base.py", line 144, in coro
    await self.app(scope, receive_or_disconnect, send_no_error)
  File "C:\Projects\sico_grc\sanadcom\.venv\Lib\site-packages\starlette\middleware\base.py", line 191, in __call__
    with recv_stream, send_stream, collapse_excgroups():
  File "C:\Users\Shahd\AppData\Local\Programs\Python\Python311\Lib\contextlib.py", line 158, in __exit__
    self.gen.throw(typ, value, traceback)
  File "C:\Projects\sico_grc\sanadcom\.venv\Lib\site-packages\starlette\_utils.py", line 87, in collapse_excgroups
    raise exc
  File "C:\Projects\sico_grc\sanadcom\.venv\Lib\site-packages\starlette\middleware\base.py", line 193, in __call__
    response = await self.dispatch_func(request, call_next)
               ^^^^^^^^^^^^^^^^^^^^^^^^^^^^^^^^^^^^^^^^^^^^
  File "C:\Projects\sico_grc\sanadcom\src\backend\core\security_middleware.py", line 39, in dispatch
    response = await call_next(request)
               ^^^^^^^^^^^^^^^^^^^^^^^^
  File "C:\Projects\sico_grc\sanadcom\.venv\Lib\site-packages\starlette\middleware\base.py", line 168, in call_next
    raise app_exc from app_exc.__cause__ or app_exc.__context__
  File "C:\Projects\sico_grc\sanadcom\.venv\Lib\site-packages\starlette\middleware\base.py", line 144, in coro
    await self.app(scope, receive_or_disconnect, send_no_error)
  File "C:\Projects\sico_grc\sanadcom\.venv\Lib\site-packages\starlette\middleware\trustedhost.py", line 36, in __call__
    await self.app(scope, receive, send)
  File "C:\Projects\sico_grc\sanadcom\.venv\Lib\site-packages\starlette\middleware\exceptions.py", line 63, in __call__
    await wrap_app_handling_exceptions(self.app, conn)(scope, receive, send)
  File "C:\Projects\sico_grc\sanadcom\.venv\Lib\site-packages\starlette\_exception_handler.py", line 53, in wrapped_app
    raise exc
  File "C:\Projects\sico_grc\sanadcom\.venv\Lib\site-packages\starlette\_exception_handler.py", line 42, in wrapped_app
    await app(scope, receive, sender)
  File "C:\Projects\sico_grc\sanadcom\.venv\Lib\site-packages\fastapi\middleware\asyncexitstack.py", line 18, in __call__
    await self.app(scope, receive, send)
  File "C:\Projects\sico_grc\sanadcom\.venv\Lib\site-packages\starlette\routing.py", line 716, in __call__
    await self.middleware_stack(scope, receive, send)
  File "C:\Projects\sico_grc\sanadcom\.venv\Lib\site-packages\starlette\routing.py", line 736, in app
    await route.handle(scope, receive, send)
  File "C:\Projects\sico_grc\sanadcom\.venv\Lib\site-packages\starlette\routing.py", line 290, in handle
    await self.app(scope, receive, send)
  File "C:\Projects\sico_grc\sanadcom\.venv\Lib\site-packages\fastapi\routing.py", line 119, in app
    await wrap_app_handling_exceptions(app, request)(scope, receive, send)
  File "C:\Projects\sico_grc\sanadcom\.venv\Lib\site-packages\starlette\_exception_handler.py", line 53, in wrapped_app
    raise exc
  File "C:\Projects\sico_grc\sanadcom\.venv\Lib\site-packages\starlette\_exception_handler.py", line 42, in wrapped_app
    await app(scope, receive, sender)
  File "C:\Projects\sico_grc\sanadcom\.venv\Lib\site-packages\fastapi\routing.py", line 105, in app
    response = await f(request)
               ^^^^^^^^^^^^^^^^
  File "C:\Projects\sico_grc\sanadcom\.venv\Lib\site-packages\fastapi\routing.py", line 424, in app
    raw_response = await run_endpoint_function(
                   ^^^^^^^^^^^^^^^^^^^^^^^^^^^^
  File "C:\Projects\sico_grc\sanadcom\.venv\Lib\site-packages\fastapi\routing.py", line 312, in run_endpoint_function
    return await dependant.call(**values)
           ^^^^^^^^^^^^^^^^^^^^^^^^^^^^^^
  File "C:\Projects\sico_grc\sanadcom\src\backend\controls\router.py", line 94, in get_control
    control = await get_by_id(
              ^^^^^^^^^^^^^^^^
  File "C:\Projects\sico_grc\sanadcom\src\backend\core\crud_utils.py", line 45, in get_by_id
    result = await db.execute(query)
             ^^^^^^^^^^^^^^^^^^^^^^^
  File "C:\Projects\sico_grc\sanadcom\.venv\Lib\site-packages\sqlalchemy\ext\asyncio\session.py", line 461, in execute
    result = await greenlet_spawn(
             ^^^^^^^^^^^^^^^^^^^^^
  File "C:\Projects\sico_grc\sanadcom\.venv\Lib\site-packages\sqlalchemy\util\_concurrency_py3k.py", line 201, in greenlet_spawn
    result = context.throw(*sys.exc_info())
             ^^^^^^^^^^^^^^^^^^^^^^^^^^^^^^
  File "C:\Projects\sico_grc\sanadcom\.venv\Lib\site-packages\sqlalchemy\orm\session.py", line 2362, in execute
    return self._execute_internal(
           ^^^^^^^^^^^^^^^^^^^^^^^
  File "C:\Projects\sico_grc\sanadcom\.venv\Lib\site-packages\sqlalchemy\orm\session.py", line 2237, in _execute_internal
    conn = self._connection_for_bind(bind)
           ^^^^^^^^^^^^^^^^^^^^^^^^^^^^^^^
  File "C:\Projects\sico_grc\sanadcom\.venv\Lib\site-packages\sqlalchemy\orm\session.py", line 2106, in _connection_for_bind
    return trans._connection_for_bind(engine, execution_options)
           ^^^^^^^^^^^^^^^^^^^^^^^^^^^^^^^^^^^^^^^^^^^^^^^^^^^^^
  File "<string>", line 2, in _connection_for_bind
  File "C:\Projects\sico_grc\sanadcom\.venv\Lib\site-packages\sqlalchemy\orm\state_changes.py", line 139, in _go
    ret_value = fn(self, *arg, **kw)
                ^^^^^^^^^^^^^^^^^^^^
  File "C:\Projects\sico_grc\sanadcom\.venv\Lib\site-packages\sqlalchemy\orm\session.py", line 1189, in _connection_for_bind
    conn = bind.connect()
           ^^^^^^^^^^^^^^
  File "C:\Projects\sico_grc\sanadcom\.venv\Lib\site-packages\sqlalchemy\engine\base.py", line 3278, in connect
    return self._connection_cls(self)
           ^^^^^^^^^^^^^^^^^^^^^^^^^^
  File "C:\Projects\sico_grc\sanadcom\.venv\Lib\site-packages\sqlalchemy\engine\base.py", line 146, in __init__
    self._dbapi_connection = engine.raw_connection()
                             ^^^^^^^^^^^^^^^^^^^^^^^
  File "C:\Projects\sico_grc\sanadcom\.venv\Lib\site-packages\sqlalchemy\engine\base.py", line 3302, in raw_connection
    return self.pool.connect()
           ^^^^^^^^^^^^^^^^^^^
  File "C:\Projects\sico_grc\sanadcom\.venv\Lib\site-packages\sqlalchemy\pool\base.py", line 449, in connect
    return _ConnectionFairy._checkout(self)
           ^^^^^^^^^^^^^^^^^^^^^^^^^^^^^^^^
  File "C:\Projects\sico_grc\sanadcom\.venv\Lib\site-packages\sqlalchemy\pool\base.py", line 1263, in _checkout
    fairy = _ConnectionRecord.checkout(pool)
            ^^^^^^^^^^^^^^^^^^^^^^^^^^^^^^^^
  File "C:\Projects\sico_grc\sanadcom\.venv\Lib\site-packages\sqlalchemy\pool\base.py", line 712, in checkout
    rec = pool._do_get()
          ^^^^^^^^^^^^^^
  File "C:\Projects\sico_grc\sanadcom\.venv\Lib\site-packages\sqlalchemy\pool\impl.py", line 308, in _do_get
    return self._create_connection()
           ^^^^^^^^^^^^^^^^^^^^^^^^^
  File "C:\Projects\sico_grc\sanadcom\.venv\Lib\site-packages\sqlalchemy\pool\base.py", line 390, in _create_connection
    return _ConnectionRecord(self)
           ^^^^^^^^^^^^^^^^^^^^^^^
  File "C:\Projects\sico_grc\sanadcom\.venv\Lib\site-packages\sqlalchemy\pool\base.py", line 674, in __init__
    self.__connect()
  File "C:\Projects\sico_grc\sanadcom\.venv\Lib\site-packages\sqlalchemy\pool\base.py", line 900, in __connect
    with util.safe_reraise():
  File "C:\Projects\sico_grc\sanadcom\.venv\Lib\site-packages\sqlalchemy\util\langhelpers.py", line 146, in __exit__
    raise exc_value.with_traceback(exc_tb)
  File "C:\Projects\sico_grc\sanadcom\.venv\Lib\site-packages\sqlalchemy\pool\base.py", line 896, in __connect
    self.dbapi_connection = connection = pool._invoke_creator(self)
                                         ^^^^^^^^^^^^^^^^^^^^^^^^^^
  File "C:\Projects\sico_grc\sanadcom\.venv\Lib\site-packages\sqlalchemy\engine\create.py", line 643, in connect
    return dialect.connect(*cargs, **cparams)
           ^^^^^^^^^^^^^^^^^^^^^^^^^^^^^^^^^^
  File "C:\Projects\sico_grc\sanadcom\.venv\Lib\site-packages\sqlalchemy\engine\default.py", line 621, in connect
    return self.loaded_dbapi.connect(*cargs, **cparams)
           ^^^^^^^^^^^^^^^^^^^^^^^^^^^^^^^^^^^^^^^^^^^^
  File "C:\Projects\sico_grc\sanadcom\.venv\Lib\site-packages\sqlalchemy\dialects\postgresql\asyncpg.py", line 949, in connect
    await_only(creator_fn(*arg, **kw)),
    ^^^^^^^^^^^^^^^^^^^^^^^^^^^^^^^^^^
  File "C:\Projects\sico_grc\sanadcom\.venv\Lib\site-packages\sqlalchemy\util\_concurrency_py3k.py", line 132, in await_only
    return current.parent.switch(awaitable)  # type: ignore[no-any-return,attr-defined] # noqa: E501
           ^^^^^^^^^^^^^^^^^^^^^^^^^^^^^^^^
  File "C:\Projects\sico_grc\sanadcom\.venv\Lib\site-packages\sqlalchemy\util\_concurrency_py3k.py", line 196, in greenlet_spawn
    value = await result
            ^^^^^^^^^^^^
  File "C:\Projects\sico_grc\sanadcom\.venv\Lib\site-packages\asyncpg\connection.py", line 2421, in connect
    return await connect_utils._connect(
           ^^^^^^^^^^^^^^^^^^^^^^^^^^^^^
  File "C:\Projects\sico_grc\sanadcom\.venv\Lib\site-packages\asyncpg\connect_utils.py", line 1049, in _connect
    conn = await _connect_addr(
           ^^^^^^^^^^^^^^^^^^^^
  File "C:\Projects\sico_grc\sanadcom\.venv\Lib\site-packages\asyncpg\connect_utils.py", line 886, in _connect_addr
    return await __connect_addr(params, True, *args)
           ^^^^^^^^^^^^^^^^^^^^^^^^^^^^^^^^^^^^^^^^^
  File "C:\Projects\sico_grc\sanadcom\.venv\Lib\site-packages\asyncpg\connect_utils.py", line 934, in __connect_addr
    await connected
asyncpg.exceptions.InvalidCatalogNameError: database "sico_grc_test" does not exist

The above exception was the direct cause of the following exception:
E   asyncpg.exceptions.InvalidCatalogNameError: database "sico_grc_test" does not exist
C:\Projects\sico_grc\sanadcom\.venv\Lib\site-packages\asyncpg\connect_utils.py:934: asyncpg.exceptions.InvalidCatalogNameError: database "sico_grc_test" does not exist
============================== warnings summary ===============================
ai\rag\bilingual_retriever.py:21
  C:\Projects\sico_grc\sanadcom\ai\rag\bilingual_retriever.py:21: LangChainDeprecationWarning: Importing HuggingFaceEmbeddings from langchain.embeddings is deprecated. Please replace deprecated imports:
  
  >> from langchain.embeddings import HuggingFaceEmbeddings
  
  with new imports of:
  
  >> from langchain_community.embeddings import HuggingFaceEmbeddings
  You can use the langchain cli to **automatically** upgrade many imports. Please see documentation here <https://python.langchain.com/docs/versions/v0_2/>
    from langchain.embeddings import HuggingFaceEmbeddings  # type: ignore[import-not-found]

ai\rag\bilingual_retriever.py:22
  C:\Projects\sico_grc\sanadcom\ai\rag\bilingual_retriever.py:22: LangChainDeprecationWarning: Importing Chroma from langchain.vectorstores is deprecated. Please replace deprecated imports:
  
  >> from langchain.vectorstores import Chroma
  
  with new imports of:
  
  >> from langchain_community.vectorstores import Chroma
  You can use the langchain cli to **automatically** upgrade many imports. Please see documentation here <https://python.langchain.com/docs/versions/v0_2/>
    from langchain.vectorstores import Chroma  # type: ignore[import-not-found]

.venv\Lib\site-packages\pydantic\_internal\_config.py:295: 38 warnings
  C:\Projects\sico_grc\sanadcom\.venv\Lib\site-packages\pydantic\_internal\_config.py:295: PydanticDeprecatedSince20: Support for class-based `config` is deprecated, use ConfigDict instead. Deprecated in Pydantic V2.0 to be removed in V3.0. See Pydantic V2 Migration Guide at https://errors.pydantic.dev/2.10/migration/
    warnings.warn(DEPRECATION_MESSAGE, DeprecationWarning)

tests/backend/test_ai.py::test_rag_query_english
  C:\Projects\sico_grc\sanadcom\ai\rag\bilingual_retriever.py:81: LangChainDeprecationWarning: The class `HuggingFaceEmbeddings` was deprecated in LangChain 0.2.2 and will be removed in 1.0. An updated version of the class exists in the :class:`~langchain-huggingface package and should be used instead. To use it run `pip install -U :class:`~langchain-huggingface` and import as `from :class:`~langchain_huggingface import HuggingFaceEmbeddings``.
    self.embeddings = HuggingFaceEmbeddings(

tests/backend/test_ai.py::test_rag_query_english
  C:\Projects\sico_grc\sanadcom\.venv\Lib\site-packages\huggingface_hub\file_download.py:143: UserWarning: `huggingface_hub` cache-system uses symlinks by default to efficiently store duplicated files but your machine does not support them in C:\Users\Shahd\.cache\huggingface\hub\models--intfloat--multilingual-e5-large. Caching files will still work but in a degraded version that might require more space on your disk. This warning can be disabled by setting the `HF_HUB_DISABLE_SYMLINKS_WARNING` environment variable. For more details, see https://huggingface.co/docs/huggingface_hub/how-to-cache#limitations.
  To support symlinks on Windows, you either need to activate Developer Mode or to run Python as an administrator. In order to activate developer mode, see this article: https://docs.microsoft.com/en-us/windows/apps/get-started/enable-your-device-for-development
    warnings.warn(message)

tests/backend/test_ai.py::test_rag_query_english
  C:\Projects\sico_grc\sanadcom\ai\rag\bilingual_retriever.py:87: LangChainDeprecationWarning: The class `Chroma` was deprecated in LangChain 0.2.9 and will be removed in 1.0. An updated version of the class exists in the :class:`~langchain-chroma package and should be used instead. To use it run `pip install -U :class:`~langchain-chroma` and import as `from :class:`~langchain_chroma import Chroma``.
    self.vectorstore = Chroma(

tests/security/test_input_validation.py::test_validate_json_size_too_large
  C:\Projects\sico_grc\sanadcom\tests\security\test_input_validation.py:250: DeprecationWarning: 'HTTP_413_REQUEST_ENTITY_TOO_LARGE' is deprecated. Use 'HTTP_413_CONTENT_TOO_LARGE' instead.
    validate_json_size(big_data, max_size_kb=500)

-- Docs: https://docs.pytest.org/en/stable/how-to/capture-warnings.html
=========================== short test summary info ===========================
FAILED tests/backend/test_controls_crud.py::test_create_control_duplicate - a...
FAILED tests/backend/test_evidence.py::test_create_evidence - asyncpg.excepti...
FAILED tests/backend/test_evidence.py::test_list_evidence - asyncpg.exception...
FAILED tests/backend/test_evidence.py::test_validate_evidence - asyncpg.excep...
FAILED tests/backend/test_incident_router.py::test_list_incidents - Attribute...
FAILED tests/backend/test_incident_router.py::test_get_incident_found - Attri...
FAILED tests/backend/test_incident_router.py::test_create_incident - Attribut...
FAILED tests/backend/test_incident_router.py::test_list_playbooks - fastapi.e...
FAILED tests/backend/test_reporting.py::test_get_dashboard - asyncpg.exceptio...
FAILED tests/backend/test_reporting.py::test_generate_report - asyncpg.except...
FAILED tests/backend/test_reporting.py::test_list_reports - asyncpg.exception...
FAILED tests/backend/test_risk_router.py::test_list_risks - fastapi.exception...
FAILED tests/backend/test_risk_router.py::test_get_risk_found - fastapi.excep...
FAILED tests/backend/test_risk_router.py::test_list_vendors - fastapi.excepti...
FAILED tests/test_api.py::test_get_control - asyncpg.exceptions.InvalidCatalo...
FAILED tests/test_api.py::test_get_nonexistent_control - asyncpg.exceptions.I...
===== 16 failed, 312 passed, 11 skipped, 44 warnings in 91.27s (0:01:31) ======
